Using pre-set license
Built from '2021.2/staging' branch; Version is '2021.2.10f1 (ee872746220e) revision 15632167'; Using compiler version '192829333'; Build Type 'Release'
OS: 'Windows 10  (10.0.19044) 64bit Professional' Language: 'en' Physical Memory: 16125 MB
BatchMode: 1, IsHumanControllingUs: 0, StartBugReporterOnCrash: 0, Is64bit: 1, IsPro: 0

COMMAND LINE ARGUMENTS:
C:\Program Files\Unity\Hub\Editor\2021.2.10f1\Editor\Unity.exe
-adb2
-batchMode
-noUpm
-name
AssetImportWorker4
-projectPath
D:/Projects/Unity/codeway-sivrikaya
-logFile
Logs/AssetImportWorker4.log
-srvPort
62267
Successfully changed project path to: D:/Projects/Unity/codeway-sivrikaya
D:/Projects/Unity/codeway-sivrikaya
[UnityMemory] Configuration Parameters - Can be set up in boot.config
    "memorysetup-bucket-allocator-granularity=16"
    "memorysetup-bucket-allocator-bucket-count=8"
    "memorysetup-bucket-allocator-block-size=33554432"
    "memorysetup-bucket-allocator-block-count=8"
    "memorysetup-main-allocator-block-size=16777216"
    "memorysetup-thread-allocator-block-size=16777216"
    "memorysetup-gfx-main-allocator-block-size=16777216"
    "memorysetup-gfx-thread-allocator-block-size=16777216"
    "memorysetup-cache-allocator-block-size=4194304"
    "memorysetup-typetree-allocator-block-size=2097152"
    "memorysetup-profiler-bucket-allocator-granularity=16"
    "memorysetup-profiler-bucket-allocator-bucket-count=8"
    "memorysetup-profiler-bucket-allocator-block-size=33554432"
    "memorysetup-profiler-bucket-allocator-block-count=8"
    "memorysetup-profiler-allocator-block-size=16777216"
    "memorysetup-profiler-editor-allocator-block-size=1048576"
    "memorysetup-temp-allocator-size-main=16777216"
    "memorysetup-job-temp-allocator-block-size=2097152"
    "memorysetup-job-temp-allocator-block-size-background=1048576"
    "memorysetup-job-temp-allocator-reduction-small-platforms=262144"
    "memorysetup-temp-allocator-size-background-worker=32768"
    "memorysetup-temp-allocator-size-job-worker=262144"
    "memorysetup-temp-allocator-size-preload-manager=33554432"
    "memorysetup-temp-allocator-size-nav-mesh-worker=65536"
    "memorysetup-temp-allocator-size-audio-worker=65536"
    "memorysetup-temp-allocator-size-cloud-worker=32768"
    "memorysetup-temp-allocator-size-gi-baking-worker=262144"
    "memorysetup-temp-allocator-size-gfx=262144"
Refreshing native plugins compatible for Editor in 130.30 ms, found 3 plugins.
Preloading 0 native plugins for Editor in 0.00 ms.
Initialize engine version: 2021.2.10f1 (ee872746220e)
[Subsystems] Discovering subsystems at path C:/Program Files/Unity/Hub/Editor/2021.2.10f1/Editor/Data/Resources/UnitySubsystems
[Subsystems] Discovering subsystems at path D:/Projects/Unity/codeway-sivrikaya/Assets
GfxDevice: creating device client; threaded=0; jobified=0
Direct3D:
    Version:  Direct3D 11.0 [level 11.1]
    Renderer: AMD Radeon RX 6800 XT (ID=0x73bf)
    Vendor:   ATI
    VRAM:     16338 MB
    Driver:   31.0.12029.7019
Initialize mono
Mono path[0] = 'C:/Program Files/Unity/Hub/Editor/2021.2.10f1/Editor/Data/Managed'
Mono path[1] = 'C:/Program Files/Unity/Hub/Editor/2021.2.10f1/Editor/Data/MonoBleedingEdge/lib/mono/unityjit-win32'
Mono config path = 'C:/Program Files/Unity/Hub/Editor/2021.2.10f1/Editor/Data/MonoBleedingEdge/etc'
Using monoOptions --debugger-agent=transport=dt_socket,embedding=1,server=y,suspend=n,address=127.0.0.1:56180
Begin MonoManager ReloadAssembly
Registering precompiled unity dll's ...
Register platform support module: C:/Program Files/Unity/Hub/Editor/2021.2.10f1/Editor/Data/PlaybackEngines/WindowsStandaloneSupport/UnityEditor.WindowsStandalone.Extensions.dll
Registered in 0.007065 seconds.
Native extension for WindowsStandalone target not found
Refreshing native plugins compatible for Editor in 84.72 ms, found 3 plugins.
Preloading 0 native plugins for Editor in 0.00 ms.
Mono: successfully reloaded assembly
- Completed reload, in  0.646 seconds
Domain Reload Profiling:
	ReloadAssembly (647ms)
		BeginReloadAssembly (77ms)
			ExecutionOrderSort (0ms)
			DisableScriptedObjects (0ms)
			BackupInstance (0ms)
			ReleaseScriptingObjects (0ms)
			CreateAndSetChildDomain (1ms)
		EndReloadAssembly (485ms)
			LoadAssemblies (74ms)
			RebuildTransferFunctionScriptingTraits (0ms)
			SetupTypeCache (107ms)
			ReleaseScriptCaches (0ms)
			RebuildScriptCaches (28ms)
			SetupLoadedEditorAssemblies (292ms)
				LogAssemblyErrors (0ms)
				InitializePlatformSupportModulesInManaged (18ms)
				SetLoadedEditorAssemblies (0ms)
				RefreshPlugins (85ms)
				BeforeProcessingInitializeOnLoad (1ms)
				ProcessInitializeOnLoadAttributes (138ms)
				ProcessInitializeOnLoadMethodAttributes (50ms)
				AfterProcessingInitializeOnLoad (0ms)
				EditorAssembliesLoaded (0ms)
			ExecutionOrderSort2 (0ms)
			AwakeInstancesAfterBackupRestoration (0ms)
Platform modules already initialized, skipping
Registering precompiled user dll's ...
Registered in 0.003864 seconds.
Begin MonoManager ReloadAssembly
Native extension for WindowsStandalone target not found
Refreshing native plugins compatible for Editor in 0.56 ms, found 3 plugins.
Preloading 0 native plugins for Editor in 0.00 ms.
Mono: successfully reloaded assembly
- Completed reload, in  1.028 seconds
Domain Reload Profiling:
	ReloadAssembly (1029ms)
		BeginReloadAssembly (115ms)
			ExecutionOrderSort (0ms)
			DisableScriptedObjects (6ms)
			BackupInstance (0ms)
			ReleaseScriptingObjects (0ms)
			CreateAndSetChildDomain (19ms)
		EndReloadAssembly (812ms)
			LoadAssemblies (77ms)
			RebuildTransferFunctionScriptingTraits (0ms)
			SetupTypeCache (235ms)
			ReleaseScriptCaches (1ms)
			RebuildScriptCaches (66ms)
			SetupLoadedEditorAssemblies (377ms)
				LogAssemblyErrors (0ms)
				InitializePlatformSupportModulesInManaged (18ms)
				SetLoadedEditorAssemblies (1ms)
				RefreshPlugins (1ms)
				BeforeProcessingInitializeOnLoad (84ms)
				ProcessInitializeOnLoadAttributes (233ms)
				ProcessInitializeOnLoadMethodAttributes (33ms)
				AfterProcessingInitializeOnLoad (7ms)
				EditorAssembliesLoaded (0ms)
			ExecutionOrderSort2 (0ms)
			AwakeInstancesAfterBackupRestoration (6ms)
Platform modules already initialized, skipping
========================================================================
Worker process is ready to serve import requests
Launched and connected shader compiler UnityShaderCompiler.exe after 0.07 seconds
Refreshing native plugins compatible for Editor in 0.38 ms, found 3 plugins.
Preloading 0 native plugins for Editor in 0.00 ms.
Unloading 3164 Unused Serialized files (Serialized files now loaded: 0)
Unloading 25 unused Assets / (57.8 KB). Loaded Objects now: 3630.
Memory consumption went from 110.2 MB to 110.1 MB.
Total: 1.838100 ms (FindLiveObjects: 0.147400 ms CreateObjectMapping: 0.064200 ms MarkObjects: 1.584700 ms  DeleteObjects: 0.041100 ms)

AssetImportParameters requested are different than current active one (requested -> active):
  custom:video-decoder-ogg-theora: a1e56fd34408186e4bbccfd4996cb3dc -> 
  custom:container-muxer-webm: aa71ff27fc2769a1b78a27578f13a17b -> 
  custom:container-demuxer-webm: 4f35f7cbe854078d1ac9338744f61a02 -> 
  custom:video-encoder-webm-vp8: eb34c28f22e8b96e1ab97ce403110664 -> 
  custom:audio-encoder-webm-vorbis: bf7c407c2cedff20999df2af8eb42d56 -> 
  custom:framework-win-MediaFoundation: 216162199b28c13a410421893ffa2e32 -> 
  custom:container-demuxer-ogg: 62fdf1f143b41e24485cea50d1cbac27 -> 
  custom:video-decoder-webm-vp8: 9c59270c3fd7afecdb556c50c9e8de78 -> 
  custom:audio-decoder-ogg-vorbis: bf7c407c2cedff20999df2af8eb42d56 -> 
========================================================================
Received Import Request.
  Time since last request: 13381.501104 seconds.
  path: Assets/OutSide Assets/ground_shaker_asset/Terrains/GroundPalette.prefab
  artifactKey: Guid(02fdb24c642febc4d9361437ce96313a) Importer(815301076,1909f56bfc062723c751e8b465ee728b)
Start importing Assets/OutSide Assets/ground_shaker_asset/Terrains/GroundPalette.prefab using Guid(02fdb24c642febc4d9361437ce96313a) Importer(815301076,1909f56bfc062723c751e8b465ee728b)  -> (artifact id: '88df598cb55d899a6296177f48e707ef') in 0.174557 seconds 
========================================================================
Received Import Request.
  Time since last request: 6.665229 seconds.
  path: Assets/OutSide Assets/ground_shaker_asset/Terrains/GroundPalette.prefab
  artifactKey: Guid(02fdb24c642febc4d9361437ce96313a) Importer(815301076,1909f56bfc062723c751e8b465ee728b)
Start importing Assets/OutSide Assets/ground_shaker_asset/Terrains/GroundPalette.prefab using Guid(02fdb24c642febc4d9361437ce96313a) Importer(815301076,1909f56bfc062723c751e8b465ee728b)  -> (artifact id: '0adaa86b5968e23b3f6a4fb4e248cde6') in 0.007281 seconds 
========================================================================
Received Import Request.
  Time since last request: 42.110880 seconds.
  path: Assets/OutSide Assets/ground_shaker_asset/Terrains/terrain.png
  artifactKey: Guid(4e2a60cd8a710a24786337ecea5075b0) Importer(815301076,1909f56bfc062723c751e8b465ee728b)
Start importing Assets/OutSide Assets/ground_shaker_asset/Terrains/terrain.png using Guid(4e2a60cd8a710a24786337ecea5075b0) Importer(815301076,1909f56bfc062723c751e8b465ee728b)  -> (artifact id: '7c9395af1e1c97b55df991408d638615') in 0.153027 seconds 
========================================================================
Received Import Request.
  Time since last request: 44.657275 seconds.
  path: Assets/OutSide Assets/ground_shaker_asset/Terrains/GroundPalette.prefab
  artifactKey: Guid(02fdb24c642febc4d9361437ce96313a) Importer(815301076,1909f56bfc062723c751e8b465ee728b)
Start importing Assets/OutSide Assets/ground_shaker_asset/Terrains/GroundPalette.prefab using Guid(02fdb24c642febc4d9361437ce96313a) Importer(815301076,1909f56bfc062723c751e8b465ee728b)  -> (artifact id: '2ddbec9eb51e38bf51ea1c1c676e7c5d') in 0.009156 seconds 
========================================================================
Received Import Request.
  Time since last request: 3.606777 seconds.
  path: Assets/OutSide Assets/ground_shaker_asset/Terrains/GroundPalette.prefab
  artifactKey: Guid(02fdb24c642febc4d9361437ce96313a) Importer(815301076,1909f56bfc062723c751e8b465ee728b)
Start importing Assets/OutSide Assets/ground_shaker_asset/Terrains/GroundPalette.prefab using Guid(02fdb24c642febc4d9361437ce96313a) Importer(815301076,1909f56bfc062723c751e8b465ee728b)  -> (artifact id: '338ea8ad581d0d9a1b2eda08d492b792') in 0.042826 seconds 
========================================================================
Received Import Request.
  Time since last request: 0.000028 seconds.
  path: Assets/OutSide Assets/ground_shaker_asset/Terrains/terrain_29.asset
  artifactKey: Guid(bac182798a38d6d419fed1fe1485b965) Importer(815301076,1909f56bfc062723c751e8b465ee728b)
Start importing Assets/OutSide Assets/ground_shaker_asset/Terrains/terrain_29.asset using Guid(bac182798a38d6d419fed1fe1485b965) Importer(815301076,1909f56bfc062723c751e8b465ee728b)  -> (artifact id: '57c96c3c80e98e723b1e37e5b97616eb') in 0.024514 seconds 
========================================================================
Received Import Request.
  Time since last request: 0.000023 seconds.
  path: Assets/OutSide Assets/ground_shaker_asset/Terrains/terrain_32.asset
  artifactKey: Guid(ac6f6f41585b1604aa699db28c547345) Importer(815301076,1909f56bfc062723c751e8b465ee728b)
Start importing Assets/OutSide Assets/ground_shaker_asset/Terrains/terrain_32.asset using Guid(ac6f6f41585b1604aa699db28c547345) Importer(815301076,1909f56bfc062723c751e8b465ee728b)  -> (artifact id: '645d78e7f12e64fe37964dd543298692') in 0.010098 seconds 
========================================================================
Received Import Request.
  Time since last request: 0.000023 seconds.
  path: Assets/OutSide Assets/ground_shaker_asset/Terrains/terrain_31.asset
  artifactKey: Guid(783eb38119613624f8fc82fd8ab82a7d) Importer(815301076,1909f56bfc062723c751e8b465ee728b)
Start importing Assets/OutSide Assets/ground_shaker_asset/Terrains/terrain_31.asset using Guid(783eb38119613624f8fc82fd8ab82a7d) Importer(815301076,1909f56bfc062723c751e8b465ee728b)  -> (artifact id: 'a4bb4818b9696407ed5640c10189cda9') in 0.008932 seconds 
========================================================================
Received Import Request.
  Time since last request: 0.000044 seconds.
  path: Assets/OutSide Assets/ground_shaker_asset/Terrains/terrain_27.asset
  artifactKey: Guid(162cb740c2e921c4aae4ffcd554c43b3) Importer(815301076,1909f56bfc062723c751e8b465ee728b)
Start importing Assets/OutSide Assets/ground_shaker_asset/Terrains/terrain_27.asset using Guid(162cb740c2e921c4aae4ffcd554c43b3) Importer(815301076,1909f56bfc062723c751e8b465ee728b)  -> (artifact id: '931b68acd16b4d4aa0fc9d06876534a9') in 0.009800 seconds 
========================================================================
Received Import Request.
  Time since last request: 0.000023 seconds.
  path: Assets/OutSide Assets/ground_shaker_asset/Terrains/terrain_12.asset
  artifactKey: Guid(156c73e675d5fcc4a997ee923324651d) Importer(815301076,1909f56bfc062723c751e8b465ee728b)
Start importing Assets/OutSide Assets/ground_shaker_asset/Terrains/terrain_12.asset using Guid(156c73e675d5fcc4a997ee923324651d) Importer(815301076,1909f56bfc062723c751e8b465ee728b)  -> (artifact id: '2cdc1f7d87c19a04fd51b55d5299a630') in 0.009086 seconds 
========================================================================
Received Import Request.
  Time since last request: 0.000021 seconds.
  path: Assets/OutSide Assets/ground_shaker_asset/Terrains/terrain_28.asset
  artifactKey: Guid(b51af28375d7dad44b3e2830d0e71b9f) Importer(815301076,1909f56bfc062723c751e8b465ee728b)
Start importing Assets/OutSide Assets/ground_shaker_asset/Terrains/terrain_28.asset using Guid(b51af28375d7dad44b3e2830d0e71b9f) Importer(815301076,1909f56bfc062723c751e8b465ee728b)  -> (artifact id: 'e139b5e639c899d42762b1d5e8dccf42') in 0.008792 seconds 
========================================================================
Received Import Request.
  Time since last request: 0.000019 seconds.
  path: Assets/OutSide Assets/ground_shaker_asset/Terrains/terrain_10.asset
  artifactKey: Guid(075dd1ff7a9a3254fba1143a837120fb) Importer(815301076,1909f56bfc062723c751e8b465ee728b)
Start importing Assets/OutSide Assets/ground_shaker_asset/Terrains/terrain_10.asset using Guid(075dd1ff7a9a3254fba1143a837120fb) Importer(815301076,1909f56bfc062723c751e8b465ee728b)  -> (artifact id: '7c8a5538b448a89647df6642d10e9980') in 0.013423 seconds 
========================================================================
Received Import Request.
  Time since last request: 0.000024 seconds.
  path: Assets/OutSide Assets/ground_shaker_asset/Terrains/terrain_16.asset
  artifactKey: Guid(63ce8a63fc51725449e35e8186d6377d) Importer(815301076,1909f56bfc062723c751e8b465ee728b)
Start importing Assets/OutSide Assets/ground_shaker_asset/Terrains/terrain_16.asset using Guid(63ce8a63fc51725449e35e8186d6377d) Importer(815301076,1909f56bfc062723c751e8b465ee728b)  -> (artifact id: '3d1c80d13cc3aea1266183d84f9edf2c') in 0.008516 seconds 
========================================================================
Received Import Request.
  Time since last request: 0.000033 seconds.
  path: Assets/OutSide Assets/ground_shaker_asset/Terrains/terrain_15.asset
  artifactKey: Guid(e07d180d965601e4ba4ca83963c5514f) Importer(815301076,1909f56bfc062723c751e8b465ee728b)
Start importing Assets/OutSide Assets/ground_shaker_asset/Terrains/terrain_15.asset using Guid(e07d180d965601e4ba4ca83963c5514f) Importer(815301076,1909f56bfc062723c751e8b465ee728b)  -> (artifact id: '3bda30ced09a05b3bf1122879ffba65a') in 0.009862 seconds 
========================================================================
Received Import Request.
  Time since last request: 0.000024 seconds.
  path: Assets/OutSide Assets/ground_shaker_asset/Terrains/terrain_2.asset
  artifactKey: Guid(81c132cbf42613a43bbbfe2f63cdd0eb) Importer(815301076,1909f56bfc062723c751e8b465ee728b)
Start importing Assets/OutSide Assets/ground_shaker_asset/Terrains/terrain_2.asset using Guid(81c132cbf42613a43bbbfe2f63cdd0eb) Importer(815301076,1909f56bfc062723c751e8b465ee728b)  -> (artifact id: '83fb1eda719af7a728d5a0e3cc07f25c') in 0.010002 seconds 
========================================================================
Received Import Request.
  Time since last request: 0.000023 seconds.
  path: Assets/OutSide Assets/ground_shaker_asset/Terrains/terrain_21.asset
  artifactKey: Guid(727c0385ca0aad543bffa330eeb23c9d) Importer(815301076,1909f56bfc062723c751e8b465ee728b)
Start importing Assets/OutSide Assets/ground_shaker_asset/Terrains/terrain_21.asset using Guid(727c0385ca0aad543bffa330eeb23c9d) Importer(815301076,1909f56bfc062723c751e8b465ee728b)  -> (artifact id: '9c0c865a4ff10e2d45403d57f520aa99') in 0.010250 seconds 
========================================================================
Received Import Request.
  Time since last request: 0.000022 seconds.
  path: Assets/OutSide Assets/ground_shaker_asset/Terrains/terrain_6.asset
  artifactKey: Guid(0966609df229e634891fa87fd313b8e5) Importer(815301076,1909f56bfc062723c751e8b465ee728b)
Start importing Assets/OutSide Assets/ground_shaker_asset/Terrains/terrain_6.asset using Guid(0966609df229e634891fa87fd313b8e5) Importer(815301076,1909f56bfc062723c751e8b465ee728b)  -> (artifact id: '5b896ee4c0ffd9db788ff728cf7d83d5') in 0.008920 seconds 
========================================================================
Received Import Request.
  Time since last request: 0.000019 seconds.
  path: Assets/OutSide Assets/ground_shaker_asset/Terrains/terrain_4.asset
  artifactKey: Guid(128c5b147490c9747a971aca71681a7e) Importer(815301076,1909f56bfc062723c751e8b465ee728b)
Start importing Assets/OutSide Assets/ground_shaker_asset/Terrains/terrain_4.asset using Guid(128c5b147490c9747a971aca71681a7e) Importer(815301076,1909f56bfc062723c751e8b465ee728b)  -> (artifact id: '8b07aa46e8220a635be0f8c73efabeb5') in 0.009209 seconds 
========================================================================
Received Import Request.
  Time since last request: 0.000021 seconds.
  path: Assets/OutSide Assets/ground_shaker_asset/Terrains/terrain_24.asset
  artifactKey: Guid(7d225eaceffe979448cb885943a6cb3c) Importer(815301076,1909f56bfc062723c751e8b465ee728b)
Start importing Assets/OutSide Assets/ground_shaker_asset/Terrains/terrain_24.asset using Guid(7d225eaceffe979448cb885943a6cb3c) Importer(815301076,1909f56bfc062723c751e8b465ee728b)  -> (artifact id: '5e66b945f2e32232540f4a2d3c9f8d46') in 0.009576 seconds 
========================================================================
Received Import Request.
  Time since last request: 0.000024 seconds.
  path: Assets/OutSide Assets/ground_shaker_asset/Terrains/terrain_26.asset
  artifactKey: Guid(21520c49cba3dbf4cb53578fe17933e4) Importer(815301076,1909f56bfc062723c751e8b465ee728b)
Start importing Assets/OutSide Assets/ground_shaker_asset/Terrains/terrain_26.asset using Guid(21520c49cba3dbf4cb53578fe17933e4) Importer(815301076,1909f56bfc062723c751e8b465ee728b)  -> (artifact id: '291a5c07c2172dad981f768e80fe28a8') in 0.012012 seconds 
========================================================================
Received Import Request.
  Time since last request: 0.000022 seconds.
  path: Assets/OutSide Assets/ground_shaker_asset/Terrains/terrain_18.asset
  artifactKey: Guid(dd94f56d1507cb64eb10e9493e80a640) Importer(815301076,1909f56bfc062723c751e8b465ee728b)
Start importing Assets/OutSide Assets/ground_shaker_asset/Terrains/terrain_18.asset using Guid(dd94f56d1507cb64eb10e9493e80a640) Importer(815301076,1909f56bfc062723c751e8b465ee728b)  -> (artifact id: 'c54de0766d7ae1d68f585df70d038948') in 0.013969 seconds 
========================================================================
Received Import Request.
  Time since last request: 0.000023 seconds.
  path: Assets/OutSide Assets/ground_shaker_asset/Terrains/terrain_23.asset
  artifactKey: Guid(03a0bc27c050a814287a80f26c267592) Importer(815301076,1909f56bfc062723c751e8b465ee728b)
Start importing Assets/OutSide Assets/ground_shaker_asset/Terrains/terrain_23.asset using Guid(03a0bc27c050a814287a80f26c267592) Importer(815301076,1909f56bfc062723c751e8b465ee728b)  -> (artifact id: 'e156f328067a4a55c5714ccdaf098fdc') in 0.009709 seconds 
========================================================================
Received Import Request.
  Time since last request: 0.000024 seconds.
  path: Assets/OutSide Assets/ground_shaker_asset/Terrains/terrain_19.asset
  artifactKey: Guid(35db1de10ac68264184e3264e7b45300) Importer(815301076,1909f56bfc062723c751e8b465ee728b)
Start importing Assets/OutSide Assets/ground_shaker_asset/Terrains/terrain_19.asset using Guid(35db1de10ac68264184e3264e7b45300) Importer(815301076,1909f56bfc062723c751e8b465ee728b)  -> (artifact id: '48848366404a516df7b520f945323b4c') in 0.011023 seconds 
Editor requested this worker to shutdown with reason: Scaling down because of idle timeout
AssetImportWorker is now disconnected from the server
Process exiting
Exiting without the bug reporter. Application will terminate with return code 0