Using pre-set license
Built from '2021.2/staging' branch; Version is '2021.2.10f1 (ee872746220e) revision 15632167'; Using compiler version '192829333'; Build Type 'Release'
OS: 'Windows 10  (10.0.19044) 64bit Professional' Language: 'en' Physical Memory: 16125 MB
BatchMode: 1, IsHumanControllingUs: 0, StartBugReporterOnCrash: 0, Is64bit: 1, IsPro: 0

COMMAND LINE ARGUMENTS:
C:\Program Files\Unity\Hub\Editor\2021.2.10f1\Editor\Unity.exe
-adb2
-batchMode
-noUpm
-name
AssetImportWorker6
-projectPath
D:/Projects/Unity/codeway-sivrikaya
-logFile
Logs/AssetImportWorker6.log
-srvPort
62267
Successfully changed project path to: D:/Projects/Unity/codeway-sivrikaya
D:/Projects/Unity/codeway-sivrikaya
[UnityMemory] Configuration Parameters - Can be set up in boot.config
    "memorysetup-bucket-allocator-granularity=16"
    "memorysetup-bucket-allocator-bucket-count=8"
    "memorysetup-bucket-allocator-block-size=33554432"
    "memorysetup-bucket-allocator-block-count=8"
    "memorysetup-main-allocator-block-size=16777216"
    "memorysetup-thread-allocator-block-size=16777216"
    "memorysetup-gfx-main-allocator-block-size=16777216"
    "memorysetup-gfx-thread-allocator-block-size=16777216"
    "memorysetup-cache-allocator-block-size=4194304"
    "memorysetup-typetree-allocator-block-size=2097152"
    "memorysetup-profiler-bucket-allocator-granularity=16"
    "memorysetup-profiler-bucket-allocator-bucket-count=8"
    "memorysetup-profiler-bucket-allocator-block-size=33554432"
    "memorysetup-profiler-bucket-allocator-block-count=8"
    "memorysetup-profiler-allocator-block-size=16777216"
    "memorysetup-profiler-editor-allocator-block-size=1048576"
    "memorysetup-temp-allocator-size-main=16777216"
    "memorysetup-job-temp-allocator-block-size=2097152"
    "memorysetup-job-temp-allocator-block-size-background=1048576"
    "memorysetup-job-temp-allocator-reduction-small-platforms=262144"
    "memorysetup-temp-allocator-size-background-worker=32768"
    "memorysetup-temp-allocator-size-job-worker=262144"
    "memorysetup-temp-allocator-size-preload-manager=33554432"
    "memorysetup-temp-allocator-size-nav-mesh-worker=65536"
    "memorysetup-temp-allocator-size-audio-worker=65536"
    "memorysetup-temp-allocator-size-cloud-worker=32768"
    "memorysetup-temp-allocator-size-gi-baking-worker=262144"
    "memorysetup-temp-allocator-size-gfx=262144"
Refreshing native plugins compatible for Editor in 128.79 ms, found 3 plugins.
Preloading 0 native plugins for Editor in 0.00 ms.
Initialize engine version: 2021.2.10f1 (ee872746220e)
[Subsystems] Discovering subsystems at path C:/Program Files/Unity/Hub/Editor/2021.2.10f1/Editor/Data/Resources/UnitySubsystems
[Subsystems] Discovering subsystems at path D:/Projects/Unity/codeway-sivrikaya/Assets
GfxDevice: creating device client; threaded=0; jobified=0
Direct3D:
    Version:  Direct3D 11.0 [level 11.1]
    Renderer: AMD Radeon RX 6800 XT (ID=0x73bf)
    Vendor:   ATI
    VRAM:     16338 MB
    Driver:   31.0.12029.7019
Initialize mono
Mono path[0] = 'C:/Program Files/Unity/Hub/Editor/2021.2.10f1/Editor/Data/Managed'
Mono path[1] = 'C:/Program Files/Unity/Hub/Editor/2021.2.10f1/Editor/Data/MonoBleedingEdge/lib/mono/unityjit-win32'
Mono config path = 'C:/Program Files/Unity/Hub/Editor/2021.2.10f1/Editor/Data/MonoBleedingEdge/etc'
Using monoOptions --debugger-agent=transport=dt_socket,embedding=1,server=y,suspend=n,address=127.0.0.1:56560
Begin MonoManager ReloadAssembly
Registering precompiled unity dll's ...
Register platform support module: C:/Program Files/Unity/Hub/Editor/2021.2.10f1/Editor/Data/PlaybackEngines/WindowsStandaloneSupport/UnityEditor.WindowsStandalone.Extensions.dll
Registered in 0.006813 seconds.
Native extension for WindowsStandalone target not found
Refreshing native plugins compatible for Editor in 85.34 ms, found 3 plugins.
Preloading 0 native plugins for Editor in 0.00 ms.
Mono: successfully reloaded assembly
- Completed reload, in  0.645 seconds
Domain Reload Profiling:
	ReloadAssembly (646ms)
		BeginReloadAssembly (77ms)
			ExecutionOrderSort (0ms)
			DisableScriptedObjects (0ms)
			BackupInstance (0ms)
			ReleaseScriptingObjects (0ms)
			CreateAndSetChildDomain (1ms)
		EndReloadAssembly (485ms)
			LoadAssemblies (74ms)
			RebuildTransferFunctionScriptingTraits (0ms)
			SetupTypeCache (107ms)
			ReleaseScriptCaches (0ms)
			RebuildScriptCaches (28ms)
			SetupLoadedEditorAssemblies (292ms)
				LogAssemblyErrors (0ms)
				InitializePlatformSupportModulesInManaged (17ms)
				SetLoadedEditorAssemblies (0ms)
				RefreshPlugins (85ms)
				BeforeProcessingInitializeOnLoad (1ms)
				ProcessInitializeOnLoadAttributes (139ms)
				ProcessInitializeOnLoadMethodAttributes (50ms)
				AfterProcessingInitializeOnLoad (0ms)
				EditorAssembliesLoaded (0ms)
			ExecutionOrderSort2 (0ms)
			AwakeInstancesAfterBackupRestoration (0ms)
Platform modules already initialized, skipping
Registering precompiled user dll's ...
Registered in 0.002924 seconds.
Begin MonoManager ReloadAssembly
Native extension for WindowsStandalone target not found
Refreshing native plugins compatible for Editor in 0.58 ms, found 3 plugins.
Preloading 0 native plugins for Editor in 0.00 ms.
Mono: successfully reloaded assembly
- Completed reload, in  1.037 seconds
Domain Reload Profiling:
	ReloadAssembly (1038ms)
		BeginReloadAssembly (105ms)
			ExecutionOrderSort (0ms)
			DisableScriptedObjects (6ms)
			BackupInstance (0ms)
			ReleaseScriptingObjects (0ms)
			CreateAndSetChildDomain (18ms)
		EndReloadAssembly (829ms)
			LoadAssemblies (69ms)
			RebuildTransferFunctionScriptingTraits (0ms)
			SetupTypeCache (236ms)
			ReleaseScriptCaches (0ms)
			RebuildScriptCaches (71ms)
			SetupLoadedEditorAssemblies (377ms)
				LogAssemblyErrors (0ms)
				InitializePlatformSupportModulesInManaged (15ms)
				SetLoadedEditorAssemblies (1ms)
				RefreshPlugins (1ms)
				BeforeProcessingInitializeOnLoad (85ms)
				ProcessInitializeOnLoadAttributes (235ms)
				ProcessInitializeOnLoadMethodAttributes (33ms)
				AfterProcessingInitializeOnLoad (7ms)
				EditorAssembliesLoaded (0ms)
			ExecutionOrderSort2 (0ms)
			AwakeInstancesAfterBackupRestoration (6ms)
Platform modules already initialized, skipping
========================================================================
Worker process is ready to serve import requests
Launched and connected shader compiler UnityShaderCompiler.exe after 0.03 seconds
Refreshing native plugins compatible for Editor in 0.39 ms, found 3 plugins.
Preloading 0 native plugins for Editor in 0.00 ms.
Unloading 3164 Unused Serialized files (Serialized files now loaded: 0)
Unloading 25 unused Assets / (57.8 KB). Loaded Objects now: 3630.
Memory consumption went from 110.1 MB to 110.1 MB.
Total: 2.067900 ms (FindLiveObjects: 0.188600 ms CreateObjectMapping: 0.081800 ms MarkObjects: 1.737900 ms  DeleteObjects: 0.058600 ms)

AssetImportParameters requested are different than current active one (requested -> active):
  custom:video-decoder-ogg-theora: a1e56fd34408186e4bbccfd4996cb3dc -> 
  custom:container-muxer-webm: aa71ff27fc2769a1b78a27578f13a17b -> 
  custom:container-demuxer-webm: 4f35f7cbe854078d1ac9338744f61a02 -> 
  custom:video-encoder-webm-vp8: eb34c28f22e8b96e1ab97ce403110664 -> 
  custom:audio-encoder-webm-vorbis: bf7c407c2cedff20999df2af8eb42d56 -> 
  custom:framework-win-MediaFoundation: 216162199b28c13a410421893ffa2e32 -> 
  custom:container-demuxer-ogg: 62fdf1f143b41e24485cea50d1cbac27 -> 
  custom:video-decoder-webm-vp8: 9c59270c3fd7afecdb556c50c9e8de78 -> 
  custom:audio-decoder-ogg-vorbis: bf7c407c2cedff20999df2af8eb42d56 -> 
========================================================================
Received Import Request.
  Time since last request: 13381.501514 seconds.
  path: Assets/OutSide Assets/ground_shaker_asset/Terrains/terrain_1.asset
  artifactKey: Guid(0356d54483efc91448fdb67953e0a01b) Importer(815301076,1909f56bfc062723c751e8b465ee728b)
Start importing Assets/OutSide Assets/ground_shaker_asset/Terrains/terrain_1.asset using Guid(0356d54483efc91448fdb67953e0a01b) Importer(815301076,1909f56bfc062723c751e8b465ee728b)  -> (artifact id: 'ecacbe267c58f576e39cc0399da5faa3') in 0.043860 seconds 
========================================================================
Received Import Request.
  Time since last request: 0.000022 seconds.
  path: Assets/OutSide Assets/ground_shaker_asset/Terrains/terrain_22.asset
  artifactKey: Guid(d9f7ab2ece315f54a8687d2c4904dc33) Importer(815301076,1909f56bfc062723c751e8b465ee728b)
Start importing Assets/OutSide Assets/ground_shaker_asset/Terrains/terrain_22.asset using Guid(d9f7ab2ece315f54a8687d2c4904dc33) Importer(815301076,1909f56bfc062723c751e8b465ee728b)  -> (artifact id: '44adc4bad7a478a4e16671706ea316ca') in 0.003864 seconds 
========================================================================
Received Import Request.
  Time since last request: 0.000021 seconds.
  path: Assets/OutSide Assets/ground_shaker_asset/Terrains/terrain_12.asset
  artifactKey: Guid(156c73e675d5fcc4a997ee923324651d) Importer(815301076,1909f56bfc062723c751e8b465ee728b)
Start importing Assets/OutSide Assets/ground_shaker_asset/Terrains/terrain_12.asset using Guid(156c73e675d5fcc4a997ee923324651d) Importer(815301076,1909f56bfc062723c751e8b465ee728b)  -> (artifact id: 'cdd78fa09de9976c6df7f8b1e091371d') in 0.004305 seconds 
========================================================================
Received Import Request.
  Time since last request: 0.000029 seconds.
  path: Assets/OutSide Assets/ground_shaker_asset/Terrains/terrain_34.asset
  artifactKey: Guid(3823f7d404d2eb4469c78c24f0fa5102) Importer(815301076,1909f56bfc062723c751e8b465ee728b)
Start importing Assets/OutSide Assets/ground_shaker_asset/Terrains/terrain_34.asset using Guid(3823f7d404d2eb4469c78c24f0fa5102) Importer(815301076,1909f56bfc062723c751e8b465ee728b)  -> (artifact id: 'd0f2ec19b7d84a257fd010913e2ecb92') in 0.005441 seconds 
========================================================================
Received Import Request.
  Time since last request: 0.000025 seconds.
  path: Assets/OutSide Assets/ground_shaker_asset/Terrains/terrain_15.asset
  artifactKey: Guid(e07d180d965601e4ba4ca83963c5514f) Importer(815301076,1909f56bfc062723c751e8b465ee728b)
Start importing Assets/OutSide Assets/ground_shaker_asset/Terrains/terrain_15.asset using Guid(e07d180d965601e4ba4ca83963c5514f) Importer(815301076,1909f56bfc062723c751e8b465ee728b)  -> (artifact id: 'c04cc986746db875e123d84d82af3707') in 0.004373 seconds 
========================================================================
Received Import Request.
  Time since last request: 0.000023 seconds.
  path: Assets/OutSide Assets/ground_shaker_asset/Terrains/terrain_13.asset
  artifactKey: Guid(6229c37ad20a5d6418729cf416dadf79) Importer(815301076,1909f56bfc062723c751e8b465ee728b)
Start importing Assets/OutSide Assets/ground_shaker_asset/Terrains/terrain_13.asset using Guid(6229c37ad20a5d6418729cf416dadf79) Importer(815301076,1909f56bfc062723c751e8b465ee728b)  -> (artifact id: '612ca17c3aa8e6f2e06fdc735d8b1383') in 0.007124 seconds 
========================================================================
Received Import Request.
  Time since last request: 0.000021 seconds.
  path: Assets/OutSide Assets/ground_shaker_asset/Terrains/terrain_24.asset
  artifactKey: Guid(7d225eaceffe979448cb885943a6cb3c) Importer(815301076,1909f56bfc062723c751e8b465ee728b)
Start importing Assets/OutSide Assets/ground_shaker_asset/Terrains/terrain_24.asset using Guid(7d225eaceffe979448cb885943a6cb3c) Importer(815301076,1909f56bfc062723c751e8b465ee728b)  -> (artifact id: '89ad260c37d02cd4bcb21324b768f93a') in 0.004517 seconds 
========================================================================
Received Import Request.
  Time since last request: 0.000024 seconds.
  path: Assets/OutSide Assets/ground_shaker_asset/Terrains/terrain_14.asset
  artifactKey: Guid(80495e6d804a924488c011c29c3deb1d) Importer(815301076,1909f56bfc062723c751e8b465ee728b)
Start importing Assets/OutSide Assets/ground_shaker_asset/Terrains/terrain_14.asset using Guid(80495e6d804a924488c011c29c3deb1d) Importer(815301076,1909f56bfc062723c751e8b465ee728b)  -> (artifact id: 'de3a8764c7f22f6986f768d88417f5b4') in 0.004332 seconds 
========================================================================
Received Import Request.
  Time since last request: 0.000021 seconds.
  path: Assets/OutSide Assets/ground_shaker_asset/Terrains/terrain_19.asset
  artifactKey: Guid(35db1de10ac68264184e3264e7b45300) Importer(815301076,1909f56bfc062723c751e8b465ee728b)
Start importing Assets/OutSide Assets/ground_shaker_asset/Terrains/terrain_19.asset using Guid(35db1de10ac68264184e3264e7b45300) Importer(815301076,1909f56bfc062723c751e8b465ee728b)  -> (artifact id: 'de6bc8c6f70d4989ad95399700b4b7d8') in 0.003865 seconds 
========================================================================
Received Import Request.
  Time since last request: 97.271324 seconds.
  path: Assets/OutSide Assets/ground_shaker_asset/Terrains/terrain_0.asset
  artifactKey: Guid(cbc23cf2e9d6b724e8743219f9695c94) Importer(815301076,1909f56bfc062723c751e8b465ee728b)
Start importing Assets/OutSide Assets/ground_shaker_asset/Terrains/terrain_0.asset using Guid(cbc23cf2e9d6b724e8743219f9695c94) Importer(815301076,1909f56bfc062723c751e8b465ee728b)  -> (artifact id: '75632ebc0833caccca580dd0e4609025') in 0.075477 seconds 
========================================================================
Received Import Request.
  Time since last request: 0.000029 seconds.
  path: Assets/OutSide Assets/ground_shaker_asset/Terrains/terrain_17.asset
  artifactKey: Guid(24571120d708a2948857e98bb7a201b5) Importer(815301076,1909f56bfc062723c751e8b465ee728b)
Start importing Assets/OutSide Assets/ground_shaker_asset/Terrains/terrain_17.asset using Guid(24571120d708a2948857e98bb7a201b5) Importer(815301076,1909f56bfc062723c751e8b465ee728b)  -> (artifact id: '24a0a82772bfb59645aa1deba0547138') in 0.009361 seconds 
========================================================================
Received Import Request.
  Time since last request: 0.000033 seconds.
  path: Assets/OutSide Assets/ground_shaker_asset/Terrains/terrain_22.asset
  artifactKey: Guid(d9f7ab2ece315f54a8687d2c4904dc33) Importer(815301076,1909f56bfc062723c751e8b465ee728b)
Start importing Assets/OutSide Assets/ground_shaker_asset/Terrains/terrain_22.asset using Guid(d9f7ab2ece315f54a8687d2c4904dc33) Importer(815301076,1909f56bfc062723c751e8b465ee728b)  -> (artifact id: '7737a17e8f10e4a99a59976be148eca9') in 0.008850 seconds 
========================================================================
Received Import Request.
  Time since last request: 0.000027 seconds.
  path: Assets/OutSide Assets/ground_shaker_asset/Terrains/terrain_7.asset
  artifactKey: Guid(7ec4e2bf3a529864eaf5b48c24f838de) Importer(815301076,1909f56bfc062723c751e8b465ee728b)
Start importing Assets/OutSide Assets/ground_shaker_asset/Terrains/terrain_7.asset using Guid(7ec4e2bf3a529864eaf5b48c24f838de) Importer(815301076,1909f56bfc062723c751e8b465ee728b)  -> (artifact id: '28d6fbf94990b4415d07a225546d2052') in 0.009659 seconds 
========================================================================
Received Import Request.
  Time since last request: 0.000022 seconds.
  path: Assets/OutSide Assets/ground_shaker_asset/Terrains/terrain_20.asset
  artifactKey: Guid(d7c3ccaf39264b344a5483dd40d2e775) Importer(815301076,1909f56bfc062723c751e8b465ee728b)
Start importing Assets/OutSide Assets/ground_shaker_asset/Terrains/terrain_20.asset using Guid(d7c3ccaf39264b344a5483dd40d2e775) Importer(815301076,1909f56bfc062723c751e8b465ee728b)  -> (artifact id: 'e8eb2f0666626e0c24dd877e0e51e881') in 0.015873 seconds 
========================================================================
Received Import Request.
  Time since last request: 0.000027 seconds.
  path: Assets/OutSide Assets/ground_shaker_asset/Terrains/terrain_34.asset
  artifactKey: Guid(3823f7d404d2eb4469c78c24f0fa5102) Importer(815301076,1909f56bfc062723c751e8b465ee728b)
Start importing Assets/OutSide Assets/ground_shaker_asset/Terrains/terrain_34.asset using Guid(3823f7d404d2eb4469c78c24f0fa5102) Importer(815301076,1909f56bfc062723c751e8b465ee728b)  -> (artifact id: '70df3e682c4bf8f720289c7669a04a2b') in 0.008268 seconds 
========================================================================
Received Import Request.
  Time since last request: 0.000023 seconds.
  path: Assets/OutSide Assets/ground_shaker_asset/Terrains/terrain_5.asset
  artifactKey: Guid(14174415bec26944ca4b11da5c9ed97a) Importer(815301076,1909f56bfc062723c751e8b465ee728b)
Start importing Assets/OutSide Assets/ground_shaker_asset/Terrains/terrain_5.asset using Guid(14174415bec26944ca4b11da5c9ed97a) Importer(815301076,1909f56bfc062723c751e8b465ee728b)  -> (artifact id: 'fffced4b52b26573011b9ee4f3540e82') in 0.010076 seconds 
========================================================================
Received Import Request.
  Time since last request: 0.000018 seconds.
  path: Assets/OutSide Assets/ground_shaker_asset/Terrains/terrain_3.asset
  artifactKey: Guid(07be676bdefd47940a378664a12ad72a) Importer(815301076,1909f56bfc062723c751e8b465ee728b)
Start importing Assets/OutSide Assets/ground_shaker_asset/Terrains/terrain_3.asset using Guid(07be676bdefd47940a378664a12ad72a) Importer(815301076,1909f56bfc062723c751e8b465ee728b)  -> (artifact id: '26c181e8cc2eb39b03d2525844945473') in 0.008421 seconds 
========================================================================
Received Import Request.
  Time since last request: 0.000020 seconds.
  path: Assets/OutSide Assets/ground_shaker_asset/Terrains/terrain_30.asset
  artifactKey: Guid(5320c3191e9c5b24c8a85c9af9e56488) Importer(815301076,1909f56bfc062723c751e8b465ee728b)
Start importing Assets/OutSide Assets/ground_shaker_asset/Terrains/terrain_30.asset using Guid(5320c3191e9c5b24c8a85c9af9e56488) Importer(815301076,1909f56bfc062723c751e8b465ee728b)  -> (artifact id: 'c899f6f156542e47a60fa99b29c254e9') in 0.008550 seconds 
========================================================================
Received Import Request.
  Time since last request: 0.000030 seconds.
  path: Assets/OutSide Assets/ground_shaker_asset/Terrains/terrain_33.asset
  artifactKey: Guid(32908a123520cc74882019083a325fef) Importer(815301076,1909f56bfc062723c751e8b465ee728b)
Start importing Assets/OutSide Assets/ground_shaker_asset/Terrains/terrain_33.asset using Guid(32908a123520cc74882019083a325fef) Importer(815301076,1909f56bfc062723c751e8b465ee728b)  -> (artifact id: '73c0819e451924aef10c438bb786075d') in 0.009381 seconds 
========================================================================
Received Import Request.
  Time since last request: 0.000024 seconds.
  path: Assets/OutSide Assets/ground_shaker_asset/Terrains/terrain_13.asset
  artifactKey: Guid(6229c37ad20a5d6418729cf416dadf79) Importer(815301076,1909f56bfc062723c751e8b465ee728b)
Start importing Assets/OutSide Assets/ground_shaker_asset/Terrains/terrain_13.asset using Guid(6229c37ad20a5d6418729cf416dadf79) Importer(815301076,1909f56bfc062723c751e8b465ee728b)  -> (artifact id: 'a8dd22c24c9ade4387a6bd20c8e6d6b4') in 0.012663 seconds 
========================================================================
Received Import Request.
  Time since last request: 0.000023 seconds.
  path: Assets/OutSide Assets/ground_shaker_asset/Terrains/terrain_9.asset
  artifactKey: Guid(5d31a0dc0dc980d4192c093a25587bc6) Importer(815301076,1909f56bfc062723c751e8b465ee728b)
Start importing Assets/OutSide Assets/ground_shaker_asset/Terrains/terrain_9.asset using Guid(5d31a0dc0dc980d4192c093a25587bc6) Importer(815301076,1909f56bfc062723c751e8b465ee728b)  -> (artifact id: 'e67a7765d13745d288a27a65478628a2') in 0.012601 seconds 
========================================================================
Received Import Request.
  Time since last request: 0.000023 seconds.
  path: Assets/OutSide Assets/ground_shaker_asset/Terrains/terrain_25.asset
  artifactKey: Guid(c9050bdfe38573e418b9b694b456042f) Importer(815301076,1909f56bfc062723c751e8b465ee728b)
Start importing Assets/OutSide Assets/ground_shaker_asset/Terrains/terrain_25.asset using Guid(c9050bdfe38573e418b9b694b456042f) Importer(815301076,1909f56bfc062723c751e8b465ee728b)  -> (artifact id: '64fe2a6b7b7a2777834d2ea255b7416d') in 0.008718 seconds 
========================================================================
Received Import Request.
  Time since last request: 0.000025 seconds.
  path: Assets/OutSide Assets/ground_shaker_asset/Terrains/terrain_1.asset
  artifactKey: Guid(0356d54483efc91448fdb67953e0a01b) Importer(815301076,1909f56bfc062723c751e8b465ee728b)
Start importing Assets/OutSide Assets/ground_shaker_asset/Terrains/terrain_1.asset using Guid(0356d54483efc91448fdb67953e0a01b) Importer(815301076,1909f56bfc062723c751e8b465ee728b)  -> (artifact id: '5c42ae44d2626a04d3c63e98ac3aa5c2') in 0.010611 seconds 
========================================================================
Received Import Request.
  Time since last request: 0.000023 seconds.
  path: Assets/OutSide Assets/ground_shaker_asset/Terrains/terrain_14.asset
  artifactKey: Guid(80495e6d804a924488c011c29c3deb1d) Importer(815301076,1909f56bfc062723c751e8b465ee728b)
Start importing Assets/OutSide Assets/ground_shaker_asset/Terrains/terrain_14.asset using Guid(80495e6d804a924488c011c29c3deb1d) Importer(815301076,1909f56bfc062723c751e8b465ee728b)  -> (artifact id: 'd50c6438b9b84b764f7ee0ade756c6b6') in 0.009369 seconds 
========================================================================
Received Import Request.
  Time since last request: 0.000025 seconds.
  path: Assets/OutSide Assets/ground_shaker_asset/Terrains/terrain_8.asset
  artifactKey: Guid(6342c0bd9e227734fb094d8f0e97762f) Importer(815301076,1909f56bfc062723c751e8b465ee728b)
Start importing Assets/OutSide Assets/ground_shaker_asset/Terrains/terrain_8.asset using Guid(6342c0bd9e227734fb094d8f0e97762f) Importer(815301076,1909f56bfc062723c751e8b465ee728b)  -> (artifact id: '9fe26a9caaf38bf1d35497270a91b3af') in 0.008798 seconds 
========================================================================
Received Import Request.
  Time since last request: 0.000028 seconds.
  path: Assets/OutSide Assets/ground_shaker_asset/Terrains/terrain_11.asset
  artifactKey: Guid(5f538031aaab4084faf8d5ab2b368ecb) Importer(815301076,1909f56bfc062723c751e8b465ee728b)
Start importing Assets/OutSide Assets/ground_shaker_asset/Terrains/terrain_11.asset using Guid(5f538031aaab4084faf8d5ab2b368ecb) Importer(815301076,1909f56bfc062723c751e8b465ee728b)  -> (artifact id: 'd0c88dcf058f2ed9d37ded80a7857508') in 0.009754 seconds 
Editor requested this worker to shutdown with reason: Scaling down because of idle timeout
AssetImportWorker is now disconnected from the server
Process exiting
Exiting without the bug reporter. Application will terminate with return code 0