Using pre-set license
Built from '2021.2/staging' branch; Version is '2021.2.10f1 (ee872746220e) revision 15632167'; Using compiler version '192829333'; Build Type 'Release'
OS: 'Windows 10  (10.0.19044) 64bit Professional' Language: 'en' Physical Memory: 16125 MB
BatchMode: 1, IsHumanControllingUs: 0, StartBugReporterOnCrash: 0, Is64bit: 1, IsPro: 0

COMMAND LINE ARGUMENTS:
C:\Program Files\Unity\Hub\Editor\2021.2.10f1\Editor\Unity.exe
-adb2
-batchMode
-noUpm
-name
AssetImportWorker3
-projectPath
D:/Projects/Unity/codeway-sivrikaya
-logFile
Logs/AssetImportWorker3.log
-srvPort
62267
Successfully changed project path to: D:/Projects/Unity/codeway-sivrikaya
D:/Projects/Unity/codeway-sivrikaya
[UnityMemory] Configuration Parameters - Can be set up in boot.config
    "memorysetup-bucket-allocator-granularity=16"
    "memorysetup-bucket-allocator-bucket-count=8"
    "memorysetup-bucket-allocator-block-size=33554432"
    "memorysetup-bucket-allocator-block-count=8"
    "memorysetup-main-allocator-block-size=16777216"
    "memorysetup-thread-allocator-block-size=16777216"
    "memorysetup-gfx-main-allocator-block-size=16777216"
    "memorysetup-gfx-thread-allocator-block-size=16777216"
    "memorysetup-cache-allocator-block-size=4194304"
    "memorysetup-typetree-allocator-block-size=2097152"
    "memorysetup-profiler-bucket-allocator-granularity=16"
    "memorysetup-profiler-bucket-allocator-bucket-count=8"
    "memorysetup-profiler-bucket-allocator-block-size=33554432"
    "memorysetup-profiler-bucket-allocator-block-count=8"
    "memorysetup-profiler-allocator-block-size=16777216"
    "memorysetup-profiler-editor-allocator-block-size=1048576"
    "memorysetup-temp-allocator-size-main=16777216"
    "memorysetup-job-temp-allocator-block-size=2097152"
    "memorysetup-job-temp-allocator-block-size-background=1048576"
    "memorysetup-job-temp-allocator-reduction-small-platforms=262144"
    "memorysetup-temp-allocator-size-background-worker=32768"
    "memorysetup-temp-allocator-size-job-worker=262144"
    "memorysetup-temp-allocator-size-preload-manager=33554432"
    "memorysetup-temp-allocator-size-nav-mesh-worker=65536"
    "memorysetup-temp-allocator-size-audio-worker=65536"
    "memorysetup-temp-allocator-size-cloud-worker=32768"
    "memorysetup-temp-allocator-size-gi-baking-worker=262144"
    "memorysetup-temp-allocator-size-gfx=262144"
Refreshing native plugins compatible for Editor in 79.05 ms, found 3 plugins.
Preloading 0 native plugins for Editor in 0.00 ms.
Initialize engine version: 2021.2.10f1 (ee872746220e)
[Subsystems] Discovering subsystems at path C:/Program Files/Unity/Hub/Editor/2021.2.10f1/Editor/Data/Resources/UnitySubsystems
[Subsystems] Discovering subsystems at path D:/Projects/Unity/codeway-sivrikaya/Assets
GfxDevice: creating device client; threaded=0; jobified=0
Direct3D:
    Version:  Direct3D 11.0 [level 11.1]
    Renderer: AMD Radeon RX 6800 XT (ID=0x73bf)
    Vendor:   ATI
    VRAM:     16338 MB
    Driver:   31.0.12029.7019
Initialize mono
Mono path[0] = 'C:/Program Files/Unity/Hub/Editor/2021.2.10f1/Editor/Data/Managed'
Mono path[1] = 'C:/Program Files/Unity/Hub/Editor/2021.2.10f1/Editor/Data/MonoBleedingEdge/lib/mono/unityjit-win32'
Mono config path = 'C:/Program Files/Unity/Hub/Editor/2021.2.10f1/Editor/Data/MonoBleedingEdge/etc'
Using monoOptions --debugger-agent=transport=dt_socket,embedding=1,server=y,suspend=n,address=127.0.0.1:56348
Begin MonoManager ReloadAssembly
Registering precompiled unity dll's ...
Register platform support module: C:/Program Files/Unity/Hub/Editor/2021.2.10f1/Editor/Data/PlaybackEngines/WindowsStandaloneSupport/UnityEditor.WindowsStandalone.Extensions.dll
Registered in 0.006088 seconds.
Native extension for WindowsStandalone target not found
Refreshing native plugins compatible for Editor in 76.37 ms, found 3 plugins.
Preloading 0 native plugins for Editor in 0.00 ms.
Mono: successfully reloaded assembly
- Completed reload, in  0.571 seconds
Domain Reload Profiling:
	ReloadAssembly (571ms)
		BeginReloadAssembly (70ms)
			ExecutionOrderSort (0ms)
			DisableScriptedObjects (0ms)
			BackupInstance (0ms)
			ReleaseScriptingObjects (0ms)
			CreateAndSetChildDomain (1ms)
		EndReloadAssembly (424ms)
			LoadAssemblies (68ms)
			RebuildTransferFunctionScriptingTraits (0ms)
			SetupTypeCache (91ms)
			ReleaseScriptCaches (0ms)
			RebuildScriptCaches (25ms)
			SetupLoadedEditorAssemblies (258ms)
				LogAssemblyErrors (0ms)
				InitializePlatformSupportModulesInManaged (16ms)
				SetLoadedEditorAssemblies (0ms)
				RefreshPlugins (76ms)
				BeforeProcessingInitializeOnLoad (1ms)
				ProcessInitializeOnLoadAttributes (121ms)
				ProcessInitializeOnLoadMethodAttributes (43ms)
				AfterProcessingInitializeOnLoad (0ms)
				EditorAssembliesLoaded (0ms)
			ExecutionOrderSort2 (0ms)
			AwakeInstancesAfterBackupRestoration (0ms)
Platform modules already initialized, skipping
Registering precompiled user dll's ...
Registered in 0.002505 seconds.
Begin MonoManager ReloadAssembly
Native extension for WindowsStandalone target not found
Refreshing native plugins compatible for Editor in 0.51 ms, found 3 plugins.
Preloading 0 native plugins for Editor in 0.00 ms.
Mono: successfully reloaded assembly
- Completed reload, in  0.835 seconds
Domain Reload Profiling:
	ReloadAssembly (835ms)
		BeginReloadAssembly (95ms)
			ExecutionOrderSort (0ms)
			DisableScriptedObjects (6ms)
			BackupInstance (0ms)
			ReleaseScriptingObjects (0ms)
			CreateAndSetChildDomain (16ms)
		EndReloadAssembly (651ms)
			LoadAssemblies (59ms)
			RebuildTransferFunctionScriptingTraits (0ms)
			SetupTypeCache (185ms)
			ReleaseScriptCaches (0ms)
			RebuildScriptCaches (42ms)
			SetupLoadedEditorAssemblies (326ms)
				LogAssemblyErrors (0ms)
				InitializePlatformSupportModulesInManaged (12ms)
				SetLoadedEditorAssemblies (0ms)
				RefreshPlugins (1ms)
				BeforeProcessingInitializeOnLoad (70ms)
				ProcessInitializeOnLoadAttributes (214ms)
				ProcessInitializeOnLoadMethodAttributes (23ms)
				AfterProcessingInitializeOnLoad (7ms)
				EditorAssembliesLoaded (0ms)
			ExecutionOrderSort2 (0ms)
			AwakeInstancesAfterBackupRestoration (6ms)
Platform modules already initialized, skipping
========================================================================
Worker process is ready to serve import requests
Launched and connected shader compiler UnityShaderCompiler.exe after 0.03 seconds
Refreshing native plugins compatible for Editor in 0.55 ms, found 3 plugins.
Preloading 0 native plugins for Editor in 0.00 ms.
Unloading 3079 Unused Serialized files (Serialized files now loaded: 0)
Unloading 21 unused Assets / (58.2 KB). Loaded Objects now: 3541.
Memory consumption went from 107.2 MB to 107.2 MB.
Total: 2.989100 ms (FindLiveObjects: 0.371000 ms CreateObjectMapping: 0.106400 ms MarkObjects: 2.446400 ms  DeleteObjects: 0.063900 ms)

AssetImportParameters requested are different than current active one (requested -> active):
  custom:video-decoder-ogg-theora: a1e56fd34408186e4bbccfd4996cb3dc -> 
  custom:container-muxer-webm: aa71ff27fc2769a1b78a27578f13a17b -> 
  custom:container-demuxer-webm: 4f35f7cbe854078d1ac9338744f61a02 -> 
  custom:video-encoder-webm-vp8: eb34c28f22e8b96e1ab97ce403110664 -> 
  custom:audio-encoder-webm-vorbis: bf7c407c2cedff20999df2af8eb42d56 -> 
  custom:framework-win-MediaFoundation: 216162199b28c13a410421893ffa2e32 -> 
  custom:container-demuxer-ogg: 62fdf1f143b41e24485cea50d1cbac27 -> 
  custom:video-decoder-webm-vp8: 9c59270c3fd7afecdb556c50c9e8de78 -> 
  custom:audio-decoder-ogg-vorbis: bf7c407c2cedff20999df2af8eb42d56 -> 
========================================================================
Received Prepare
Registering precompiled user dll's ...
Registered in 0.002705 seconds.
Begin MonoManager ReloadAssembly
Native extension for WindowsStandalone target not found
Refreshing native plugins compatible for Editor in 0.54 ms, found 3 plugins.
Preloading 0 native plugins for Editor in 0.00 ms.
Mono: successfully reloaded assembly
- Completed reload, in  0.820 seconds
Domain Reload Profiling:
	ReloadAssembly (820ms)
		BeginReloadAssembly (100ms)
			ExecutionOrderSort (0ms)
			DisableScriptedObjects (6ms)
			BackupInstance (0ms)
			ReleaseScriptingObjects (0ms)
			CreateAndSetChildDomain (27ms)
		EndReloadAssembly (630ms)
			LoadAssemblies (57ms)
			RebuildTransferFunctionScriptingTraits (0ms)
			SetupTypeCache (206ms)
			ReleaseScriptCaches (1ms)
			RebuildScriptCaches (39ms)
			SetupLoadedEditorAssemblies (279ms)
				LogAssemblyErrors (0ms)
				InitializePlatformSupportModulesInManaged (13ms)
				SetLoadedEditorAssemblies (0ms)
				RefreshPlugins (1ms)
				BeforeProcessingInitializeOnLoad (56ms)
				ProcessInitializeOnLoadAttributes (180ms)
				ProcessInitializeOnLoadMethodAttributes (21ms)
				AfterProcessingInitializeOnLoad (7ms)
				EditorAssembliesLoaded (0ms)
			ExecutionOrderSort2 (0ms)
			AwakeInstancesAfterBackupRestoration (6ms)
Platform modules already initialized, skipping
Refreshing native plugins compatible for Editor in 0.34 ms, found 3 plugins.
Preloading 0 native plugins for Editor in 0.00 ms.
Unloading 3109 Unused Serialized files (Serialized files now loaded: 0)
Unloading 16 unused Assets / (24.5 KB). Loaded Objects now: 3581.
Memory consumption went from 108.2 MB to 108.2 MB.
Total: 2.675100 ms (FindLiveObjects: 0.358700 ms CreateObjectMapping: 0.084400 ms MarkObjects: 2.215300 ms  DeleteObjects: 0.015600 ms)

AssetImportParameters requested are different than current active one (requested -> active):
  custom:video-decoder-ogg-theora: a1e56fd34408186e4bbccfd4996cb3dc -> 
  custom:container-muxer-webm: aa71ff27fc2769a1b78a27578f13a17b -> 
  custom:container-demuxer-webm: 4f35f7cbe854078d1ac9338744f61a02 -> 
  custom:video-encoder-webm-vp8: eb34c28f22e8b96e1ab97ce403110664 -> 
  custom:audio-encoder-webm-vorbis: bf7c407c2cedff20999df2af8eb42d56 -> 
  custom:framework-win-MediaFoundation: 216162199b28c13a410421893ffa2e32 -> 
  custom:container-demuxer-ogg: 62fdf1f143b41e24485cea50d1cbac27 -> 
  custom:video-decoder-webm-vp8: 9c59270c3fd7afecdb556c50c9e8de78 -> 
  custom:audio-decoder-ogg-vorbis: bf7c407c2cedff20999df2af8eb42d56 -> 
========================================================================
Received Prepare
Registering precompiled user dll's ...
Registered in 0.002553 seconds.
Begin MonoManager ReloadAssembly
Native extension for WindowsStandalone target not found
Refreshing native plugins compatible for Editor in 0.61 ms, found 3 plugins.
Preloading 0 native plugins for Editor in 0.00 ms.
Mono: successfully reloaded assembly
- Completed reload, in  0.828 seconds
Domain Reload Profiling:
	ReloadAssembly (829ms)
		BeginReloadAssembly (108ms)
			ExecutionOrderSort (0ms)
			DisableScriptedObjects (7ms)
			BackupInstance (0ms)
			ReleaseScriptingObjects (0ms)
			CreateAndSetChildDomain (28ms)
		EndReloadAssembly (623ms)
			LoadAssemblies (59ms)
			RebuildTransferFunctionScriptingTraits (0ms)
			SetupTypeCache (190ms)
			ReleaseScriptCaches (1ms)
			RebuildScriptCaches (37ms)
			SetupLoadedEditorAssemblies (294ms)
				LogAssemblyErrors (0ms)
				InitializePlatformSupportModulesInManaged (13ms)
				SetLoadedEditorAssemblies (1ms)
				RefreshPlugins (1ms)
				BeforeProcessingInitializeOnLoad (60ms)
				ProcessInitializeOnLoadAttributes (183ms)
				ProcessInitializeOnLoadMethodAttributes (30ms)
				AfterProcessingInitializeOnLoad (7ms)
				EditorAssembliesLoaded (0ms)
			ExecutionOrderSort2 (0ms)
			AwakeInstancesAfterBackupRestoration (6ms)
Platform modules already initialized, skipping
Refreshing native plugins compatible for Editor in 0.36 ms, found 3 plugins.
Preloading 0 native plugins for Editor in 0.00 ms.
Unloading 3157 Unused Serialized files (Serialized files now loaded: 0)
Unloading 16 unused Assets / (24.6 KB). Loaded Objects now: 3636.
Memory consumption went from 109.7 MB to 109.6 MB.
Total: 2.656600 ms (FindLiveObjects: 0.355900 ms CreateObjectMapping: 0.091100 ms MarkObjects: 2.195200 ms  DeleteObjects: 0.013400 ms)

AssetImportParameters requested are different than current active one (requested -> active):
  custom:video-decoder-ogg-theora: a1e56fd34408186e4bbccfd4996cb3dc -> 
  custom:container-muxer-webm: aa71ff27fc2769a1b78a27578f13a17b -> 
  custom:container-demuxer-webm: 4f35f7cbe854078d1ac9338744f61a02 -> 
  custom:video-encoder-webm-vp8: eb34c28f22e8b96e1ab97ce403110664 -> 
  custom:audio-encoder-webm-vorbis: bf7c407c2cedff20999df2af8eb42d56 -> 
  custom:framework-win-MediaFoundation: 216162199b28c13a410421893ffa2e32 -> 
  custom:container-demuxer-ogg: 62fdf1f143b41e24485cea50d1cbac27 -> 
  custom:video-decoder-webm-vp8: 9c59270c3fd7afecdb556c50c9e8de78 -> 
  custom:audio-decoder-ogg-vorbis: bf7c407c2cedff20999df2af8eb42d56 -> 
========================================================================
Received Import Request.
  Time since last request: 13374.716596 seconds.
  path: Assets/OutSide Assets/ground_shaker_asset/Terrains/terrain_0.asset
  artifactKey: Guid(cbc23cf2e9d6b724e8743219f9695c94) Importer(815301076,1909f56bfc062723c751e8b465ee728b)
Start importing Assets/OutSide Assets/ground_shaker_asset/Terrains/terrain_0.asset using Guid(cbc23cf2e9d6b724e8743219f9695c94) Importer(815301076,1909f56bfc062723c751e8b465ee728b)  -> (artifact id: '24a44a57da640a5b0c8abfa4a1cb2baf') in 0.134331 seconds 
========================================================================
Received Import Request.
  Time since last request: 0.000016 seconds.
  path: Assets/OutSide Assets/ground_shaker_asset/Terrains/terrain_27.asset
  artifactKey: Guid(162cb740c2e921c4aae4ffcd554c43b3) Importer(815301076,1909f56bfc062723c751e8b465ee728b)
Start importing Assets/OutSide Assets/ground_shaker_asset/Terrains/terrain_27.asset using Guid(162cb740c2e921c4aae4ffcd554c43b3) Importer(815301076,1909f56bfc062723c751e8b465ee728b)  -> (artifact id: '82e90218d49c8a71f3da0c85ad18d475') in 0.014421 seconds 
========================================================================
Received Import Request.
  Time since last request: 0.000026 seconds.
  path: Assets/OutSide Assets/ground_shaker_asset/Terrains/terrain_12.asset
  artifactKey: Guid(156c73e675d5fcc4a997ee923324651d) Importer(815301076,1909f56bfc062723c751e8b465ee728b)
Start importing Assets/OutSide Assets/ground_shaker_asset/Terrains/terrain_12.asset using Guid(156c73e675d5fcc4a997ee923324651d) Importer(815301076,1909f56bfc062723c751e8b465ee728b)  -> (artifact id: 'f4e3e6b24aac4e81fb688656be55de10') in 0.010148 seconds 
========================================================================
Received Import Request.
  Time since last request: 0.000024 seconds.
  path: Assets/OutSide Assets/ground_shaker_asset/Terrains/terrain_20.asset
  artifactKey: Guid(d7c3ccaf39264b344a5483dd40d2e775) Importer(815301076,1909f56bfc062723c751e8b465ee728b)
Start importing Assets/OutSide Assets/ground_shaker_asset/Terrains/terrain_20.asset using Guid(d7c3ccaf39264b344a5483dd40d2e775) Importer(815301076,1909f56bfc062723c751e8b465ee728b)  -> (artifact id: 'e04f0034d84d22533d2c432ebae171be') in 0.006919 seconds 
========================================================================
Received Import Request.
  Time since last request: 0.000029 seconds.
  path: Assets/OutSide Assets/ground_shaker_asset/Terrains/terrain_34.asset
  artifactKey: Guid(3823f7d404d2eb4469c78c24f0fa5102) Importer(815301076,1909f56bfc062723c751e8b465ee728b)
Start importing Assets/OutSide Assets/ground_shaker_asset/Terrains/terrain_34.asset using Guid(3823f7d404d2eb4469c78c24f0fa5102) Importer(815301076,1909f56bfc062723c751e8b465ee728b)  -> (artifact id: '4c737cb79041d9451758f20618dc0c23') in 0.015769 seconds 
========================================================================
Received Import Request.
  Time since last request: 0.000025 seconds.
  path: Assets/OutSide Assets/ground_shaker_asset/Terrains/terrain_5.asset
  artifactKey: Guid(14174415bec26944ca4b11da5c9ed97a) Importer(815301076,1909f56bfc062723c751e8b465ee728b)
Start importing Assets/OutSide Assets/ground_shaker_asset/Terrains/terrain_5.asset using Guid(14174415bec26944ca4b11da5c9ed97a) Importer(815301076,1909f56bfc062723c751e8b465ee728b)  -> (artifact id: 'edf54c4ba26db448bb1d5063a704dd0d') in 0.025080 seconds 
========================================================================
Received Import Request.
  Time since last request: 0.000418 seconds.
  path: Assets/OutSide Assets/ground_shaker_asset/Terrains/terrain_3.asset
  artifactKey: Guid(07be676bdefd47940a378664a12ad72a) Importer(815301076,1909f56bfc062723c751e8b465ee728b)
Start importing Assets/OutSide Assets/ground_shaker_asset/Terrains/terrain_3.asset using Guid(07be676bdefd47940a378664a12ad72a) Importer(815301076,1909f56bfc062723c751e8b465ee728b)  -> (artifact id: 'cfcfd8ff4456f38272c99ff79e9c0592') in 0.033362 seconds 
========================================================================
Received Import Request.
  Time since last request: 0.000026 seconds.
  path: Assets/OutSide Assets/ground_shaker_asset/Terrains/terrain_2.asset
  artifactKey: Guid(81c132cbf42613a43bbbfe2f63cdd0eb) Importer(815301076,1909f56bfc062723c751e8b465ee728b)
Start importing Assets/OutSide Assets/ground_shaker_asset/Terrains/terrain_2.asset using Guid(81c132cbf42613a43bbbfe2f63cdd0eb) Importer(815301076,1909f56bfc062723c751e8b465ee728b)  -> (artifact id: 'ef0b20f358a6dac8c6bfd7abb57c5b9d') in 0.009528 seconds 
========================================================================
Received Import Request.
  Time since last request: 0.000029 seconds.
  path: Assets/OutSide Assets/ground_shaker_asset/Terrains/terrain_21.asset
  artifactKey: Guid(727c0385ca0aad543bffa330eeb23c9d) Importer(815301076,1909f56bfc062723c751e8b465ee728b)
Start importing Assets/OutSide Assets/ground_shaker_asset/Terrains/terrain_21.asset using Guid(727c0385ca0aad543bffa330eeb23c9d) Importer(815301076,1909f56bfc062723c751e8b465ee728b)  -> (artifact id: '91840241d31086d5fd507bd7781d402f') in 0.014576 seconds 
========================================================================
Received Import Request.
  Time since last request: 0.000020 seconds.
  path: Assets/OutSide Assets/ground_shaker_asset/Terrains/terrain_6.asset
  artifactKey: Guid(0966609df229e634891fa87fd313b8e5) Importer(815301076,1909f56bfc062723c751e8b465ee728b)
Start importing Assets/OutSide Assets/ground_shaker_asset/Terrains/terrain_6.asset using Guid(0966609df229e634891fa87fd313b8e5) Importer(815301076,1909f56bfc062723c751e8b465ee728b)  -> (artifact id: '66d22b3f9de9dd5ce7f60dee64958670') in 0.021216 seconds 
========================================================================
Received Import Request.
  Time since last request: 0.000020 seconds.
  path: Assets/OutSide Assets/ground_shaker_asset/Terrains/terrain_25.asset
  artifactKey: Guid(c9050bdfe38573e418b9b694b456042f) Importer(815301076,1909f56bfc062723c751e8b465ee728b)
Start importing Assets/OutSide Assets/ground_shaker_asset/Terrains/terrain_25.asset using Guid(c9050bdfe38573e418b9b694b456042f) Importer(815301076,1909f56bfc062723c751e8b465ee728b)  -> (artifact id: '292aa28522f40da867418a868a121805') in 0.011341 seconds 
========================================================================
Received Import Request.
  Time since last request: 0.000026 seconds.
  path: Assets/OutSide Assets/ground_shaker_asset/Terrains/terrain_1.asset
  artifactKey: Guid(0356d54483efc91448fdb67953e0a01b) Importer(815301076,1909f56bfc062723c751e8b465ee728b)
Start importing Assets/OutSide Assets/ground_shaker_asset/Terrains/terrain_1.asset using Guid(0356d54483efc91448fdb67953e0a01b) Importer(815301076,1909f56bfc062723c751e8b465ee728b)  -> (artifact id: 'd6c544868adc4ac4c9f152b51426ba0e') in 0.015149 seconds 
========================================================================
Received Import Request.
  Time since last request: 0.000020 seconds.
  path: Assets/OutSide Assets/ground_shaker_asset/Terrains/terrain_14.asset
  artifactKey: Guid(80495e6d804a924488c011c29c3deb1d) Importer(815301076,1909f56bfc062723c751e8b465ee728b)
Start importing Assets/OutSide Assets/ground_shaker_asset/Terrains/terrain_14.asset using Guid(80495e6d804a924488c011c29c3deb1d) Importer(815301076,1909f56bfc062723c751e8b465ee728b)  -> (artifact id: '110737aaabf5ae0492f436949fc83037') in 0.018280 seconds 
========================================================================
Received Import Request.
  Time since last request: 0.000034 seconds.
  path: Assets/OutSide Assets/ground_shaker_asset/Terrains/terrain_23.asset
  artifactKey: Guid(03a0bc27c050a814287a80f26c267592) Importer(815301076,1909f56bfc062723c751e8b465ee728b)
Start importing Assets/OutSide Assets/ground_shaker_asset/Terrains/terrain_23.asset using Guid(03a0bc27c050a814287a80f26c267592) Importer(815301076,1909f56bfc062723c751e8b465ee728b)  -> (artifact id: 'cf5545ffdba74062d83d6135d34aae8c') in 0.009767 seconds 
========================================================================
Received Import Request.
  Time since last request: 0.000034 seconds.
  path: Assets/OutSide Assets/ground_shaker_asset/Terrains/terrain_19.asset
  artifactKey: Guid(35db1de10ac68264184e3264e7b45300) Importer(815301076,1909f56bfc062723c751e8b465ee728b)
Start importing Assets/OutSide Assets/ground_shaker_asset/Terrains/terrain_19.asset using Guid(35db1de10ac68264184e3264e7b45300) Importer(815301076,1909f56bfc062723c751e8b465ee728b)  -> (artifact id: 'a4fe4a5e42e488a6826386b0d2578968') in 0.010576 seconds 
========================================================================
Received Import Request.
  Time since last request: 6.347626 seconds.
  path: Assets/OutSide Assets/ground_shaker_asset/Terrains/terrain_2.asset
  artifactKey: Guid(81c132cbf42613a43bbbfe2f63cdd0eb) Importer(815301076,1909f56bfc062723c751e8b465ee728b)
Start importing Assets/OutSide Assets/ground_shaker_asset/Terrains/terrain_2.asset using Guid(81c132cbf42613a43bbbfe2f63cdd0eb) Importer(815301076,1909f56bfc062723c751e8b465ee728b)  -> (artifact id: '075feaeb1bde6dab24931f6151df570d') in 0.030256 seconds 
========================================================================
Received Import Request.
  Time since last request: 0.000030 seconds.
  path: Assets/OutSide Assets/ground_shaker_asset/Terrains/terrain_29.asset
  artifactKey: Guid(bac182798a38d6d419fed1fe1485b965) Importer(815301076,1909f56bfc062723c751e8b465ee728b)
Start importing Assets/OutSide Assets/ground_shaker_asset/Terrains/terrain_29.asset using Guid(bac182798a38d6d419fed1fe1485b965) Importer(815301076,1909f56bfc062723c751e8b465ee728b)  -> (artifact id: '613be558d2e62509cbceab1c54f42ff5') in 0.004337 seconds 
========================================================================
Received Import Request.
  Time since last request: 0.000030 seconds.
  path: Assets/OutSide Assets/ground_shaker_asset/Terrains/terrain_17.asset
  artifactKey: Guid(24571120d708a2948857e98bb7a201b5) Importer(815301076,1909f56bfc062723c751e8b465ee728b)
Start importing Assets/OutSide Assets/ground_shaker_asset/Terrains/terrain_17.asset using Guid(24571120d708a2948857e98bb7a201b5) Importer(815301076,1909f56bfc062723c751e8b465ee728b)  -> (artifact id: 'd2f1ec4bf7d474ed438f97e93e6c7ba1') in 0.004836 seconds 
========================================================================
Received Import Request.
  Time since last request: 0.000033 seconds.
  path: Assets/OutSide Assets/ground_shaker_asset/Terrains/terrain_27.asset
  artifactKey: Guid(162cb740c2e921c4aae4ffcd554c43b3) Importer(815301076,1909f56bfc062723c751e8b465ee728b)
Start importing Assets/OutSide Assets/ground_shaker_asset/Terrains/terrain_27.asset using Guid(162cb740c2e921c4aae4ffcd554c43b3) Importer(815301076,1909f56bfc062723c751e8b465ee728b)  -> (artifact id: '6446a84868eadb0d45463f9286fe88b4') in 0.004436 seconds 
========================================================================
Received Import Request.
  Time since last request: 0.000033 seconds.
  path: Assets/OutSide Assets/ground_shaker_asset/Terrains/terrain_28.asset
  artifactKey: Guid(b51af28375d7dad44b3e2830d0e71b9f) Importer(815301076,1909f56bfc062723c751e8b465ee728b)
Start importing Assets/OutSide Assets/ground_shaker_asset/Terrains/terrain_28.asset using Guid(b51af28375d7dad44b3e2830d0e71b9f) Importer(815301076,1909f56bfc062723c751e8b465ee728b)  -> (artifact id: 'bff62478135c8e5962a0eab812d1ea8e') in 0.004482 seconds 
========================================================================
Received Import Request.
  Time since last request: 0.000021 seconds.
  path: Assets/OutSide Assets/ground_shaker_asset/Terrains/terrain_16.asset
  artifactKey: Guid(63ce8a63fc51725449e35e8186d6377d) Importer(815301076,1909f56bfc062723c751e8b465ee728b)
Start importing Assets/OutSide Assets/ground_shaker_asset/Terrains/terrain_16.asset using Guid(63ce8a63fc51725449e35e8186d6377d) Importer(815301076,1909f56bfc062723c751e8b465ee728b)  -> (artifact id: 'd27ce7a10d0fd494cf6ab69034d73a51') in 0.004534 seconds 
========================================================================
Received Import Request.
  Time since last request: 0.000024 seconds.
  path: Assets/OutSide Assets/ground_shaker_asset/Terrains/terrain_33.asset
  artifactKey: Guid(32908a123520cc74882019083a325fef) Importer(815301076,1909f56bfc062723c751e8b465ee728b)
Start importing Assets/OutSide Assets/ground_shaker_asset/Terrains/terrain_33.asset using Guid(32908a123520cc74882019083a325fef) Importer(815301076,1909f56bfc062723c751e8b465ee728b)  -> (artifact id: '3af51d5ed9a4bb2315991525e96823a7') in 0.004432 seconds 
========================================================================
Received Import Request.
  Time since last request: 0.000027 seconds.
  path: Assets/OutSide Assets/ground_shaker_asset/Terrains/terrain_9.asset
  artifactKey: Guid(5d31a0dc0dc980d4192c093a25587bc6) Importer(815301076,1909f56bfc062723c751e8b465ee728b)
Start importing Assets/OutSide Assets/ground_shaker_asset/Terrains/terrain_9.asset using Guid(5d31a0dc0dc980d4192c093a25587bc6) Importer(815301076,1909f56bfc062723c751e8b465ee728b)  -> (artifact id: 'ba9453eeda631dfe62d92bba95e65545') in 0.004073 seconds 
========================================================================
Received Import Request.
  Time since last request: 0.000021 seconds.
  path: Assets/OutSide Assets/ground_shaker_asset/Terrains/terrain_25.asset
  artifactKey: Guid(c9050bdfe38573e418b9b694b456042f) Importer(815301076,1909f56bfc062723c751e8b465ee728b)
Start importing Assets/OutSide Assets/ground_shaker_asset/Terrains/terrain_25.asset using Guid(c9050bdfe38573e418b9b694b456042f) Importer(815301076,1909f56bfc062723c751e8b465ee728b)  -> (artifact id: '067dd77423012c192a37b64e76da5f9d') in 0.005128 seconds 
========================================================================
Received Import Request.
  Time since last request: 0.000023 seconds.
  path: Assets/OutSide Assets/ground_shaker_asset/Terrains/terrain_8.asset
  artifactKey: Guid(6342c0bd9e227734fb094d8f0e97762f) Importer(815301076,1909f56bfc062723c751e8b465ee728b)
Start importing Assets/OutSide Assets/ground_shaker_asset/Terrains/terrain_8.asset using Guid(6342c0bd9e227734fb094d8f0e97762f) Importer(815301076,1909f56bfc062723c751e8b465ee728b)  -> (artifact id: 'b2e3810326d2b9429b91aba655765a4e') in 0.005249 seconds 
Editor requested this worker to shutdown with reason: Scaling down because of idle timeout
AssetImportWorker is now disconnected from the server
Process exiting
Exiting without the bug reporter. Application will terminate with return code 0