Using pre-set license
Built from '2021.2/staging' branch; Version is '2021.2.10f1 (ee872746220e) revision 15632167'; Using compiler version '192829333'; Build Type 'Release'
OS: 'Windows 10  (10.0.19044) 64bit Professional' Language: 'en' Physical Memory: 16125 MB
BatchMode: 1, IsHumanControllingUs: 0, StartBugReporterOnCrash: 0, Is64bit: 1, IsPro: 0

COMMAND LINE ARGUMENTS:
C:\Program Files\Unity\Hub\Editor\2021.2.10f1\Editor\Unity.exe
-adb2
-batchMode
-noUpm
-name
AssetImportWorker2
-projectPath
D:/Projects/Unity/codeway-sivrikaya
-logFile
Logs/AssetImportWorker2.log
-srvPort
62267
Successfully changed project path to: D:/Projects/Unity/codeway-sivrikaya
D:/Projects/Unity/codeway-sivrikaya
[UnityMemory] Configuration Parameters - Can be set up in boot.config
    "memorysetup-bucket-allocator-granularity=16"
    "memorysetup-bucket-allocator-bucket-count=8"
    "memorysetup-bucket-allocator-block-size=33554432"
    "memorysetup-bucket-allocator-block-count=8"
    "memorysetup-main-allocator-block-size=16777216"
    "memorysetup-thread-allocator-block-size=16777216"
    "memorysetup-gfx-main-allocator-block-size=16777216"
    "memorysetup-gfx-thread-allocator-block-size=16777216"
    "memorysetup-cache-allocator-block-size=4194304"
    "memorysetup-typetree-allocator-block-size=2097152"
    "memorysetup-profiler-bucket-allocator-granularity=16"
    "memorysetup-profiler-bucket-allocator-bucket-count=8"
    "memorysetup-profiler-bucket-allocator-block-size=33554432"
    "memorysetup-profiler-bucket-allocator-block-count=8"
    "memorysetup-profiler-allocator-block-size=16777216"
    "memorysetup-profiler-editor-allocator-block-size=1048576"
    "memorysetup-temp-allocator-size-main=16777216"
    "memorysetup-job-temp-allocator-block-size=2097152"
    "memorysetup-job-temp-allocator-block-size-background=1048576"
    "memorysetup-job-temp-allocator-reduction-small-platforms=262144"
    "memorysetup-temp-allocator-size-background-worker=32768"
    "memorysetup-temp-allocator-size-job-worker=262144"
    "memorysetup-temp-allocator-size-preload-manager=33554432"
    "memorysetup-temp-allocator-size-nav-mesh-worker=65536"
    "memorysetup-temp-allocator-size-audio-worker=65536"
    "memorysetup-temp-allocator-size-cloud-worker=32768"
    "memorysetup-temp-allocator-size-gi-baking-worker=262144"
    "memorysetup-temp-allocator-size-gfx=262144"
Refreshing native plugins compatible for Editor in 77.83 ms, found 3 plugins.
Preloading 0 native plugins for Editor in 0.00 ms.
Initialize engine version: 2021.2.10f1 (ee872746220e)
[Subsystems] Discovering subsystems at path C:/Program Files/Unity/Hub/Editor/2021.2.10f1/Editor/Data/Resources/UnitySubsystems
[Subsystems] Discovering subsystems at path D:/Projects/Unity/codeway-sivrikaya/Assets
GfxDevice: creating device client; threaded=0; jobified=0
Direct3D:
    Version:  Direct3D 11.0 [level 11.1]
    Renderer: AMD Radeon RX 6800 XT (ID=0x73bf)
    Vendor:   ATI
    VRAM:     16338 MB
    Driver:   31.0.12029.7019
Initialize mono
Mono path[0] = 'C:/Program Files/Unity/Hub/Editor/2021.2.10f1/Editor/Data/Managed'
Mono path[1] = 'C:/Program Files/Unity/Hub/Editor/2021.2.10f1/Editor/Data/MonoBleedingEdge/lib/mono/unityjit-win32'
Mono config path = 'C:/Program Files/Unity/Hub/Editor/2021.2.10f1/Editor/Data/MonoBleedingEdge/etc'
Using monoOptions --debugger-agent=transport=dt_socket,embedding=1,server=y,suspend=n,address=127.0.0.1:56464
Begin MonoManager ReloadAssembly
Registering precompiled unity dll's ...
Register platform support module: C:/Program Files/Unity/Hub/Editor/2021.2.10f1/Editor/Data/PlaybackEngines/WindowsStandaloneSupport/UnityEditor.WindowsStandalone.Extensions.dll
Registered in 0.006219 seconds.
Native extension for WindowsStandalone target not found
Refreshing native plugins compatible for Editor in 78.21 ms, found 3 plugins.
Preloading 0 native plugins for Editor in 0.00 ms.
Mono: successfully reloaded assembly
- Completed reload, in  0.567 seconds
Domain Reload Profiling:
	ReloadAssembly (568ms)
		BeginReloadAssembly (67ms)
			ExecutionOrderSort (0ms)
			DisableScriptedObjects (0ms)
			BackupInstance (0ms)
			ReleaseScriptingObjects (0ms)
			CreateAndSetChildDomain (1ms)
		EndReloadAssembly (424ms)
			LoadAssemblies (64ms)
			RebuildTransferFunctionScriptingTraits (0ms)
			SetupTypeCache (97ms)
			ReleaseScriptCaches (0ms)
			RebuildScriptCaches (25ms)
			SetupLoadedEditorAssemblies (250ms)
				LogAssemblyErrors (0ms)
				InitializePlatformSupportModulesInManaged (16ms)
				SetLoadedEditorAssemblies (0ms)
				RefreshPlugins (78ms)
				BeforeProcessingInitializeOnLoad (1ms)
				ProcessInitializeOnLoadAttributes (114ms)
				ProcessInitializeOnLoadMethodAttributes (41ms)
				AfterProcessingInitializeOnLoad (0ms)
				EditorAssembliesLoaded (0ms)
			ExecutionOrderSort2 (0ms)
			AwakeInstancesAfterBackupRestoration (0ms)
Platform modules already initialized, skipping
Registering precompiled user dll's ...
Registered in 0.002495 seconds.
Begin MonoManager ReloadAssembly
Native extension for WindowsStandalone target not found
Refreshing native plugins compatible for Editor in 0.54 ms, found 3 plugins.
Preloading 0 native plugins for Editor in 0.00 ms.
Mono: successfully reloaded assembly
- Completed reload, in  0.867 seconds
Domain Reload Profiling:
	ReloadAssembly (868ms)
		BeginReloadAssembly (89ms)
			ExecutionOrderSort (0ms)
			DisableScriptedObjects (5ms)
			BackupInstance (0ms)
			ReleaseScriptingObjects (0ms)
			CreateAndSetChildDomain (16ms)
		EndReloadAssembly (684ms)
			LoadAssemblies (56ms)
			RebuildTransferFunctionScriptingTraits (0ms)
			SetupTypeCache (194ms)
			ReleaseScriptCaches (0ms)
			RebuildScriptCaches (45ms)
			SetupLoadedEditorAssemblies (341ms)
				LogAssemblyErrors (0ms)
				InitializePlatformSupportModulesInManaged (13ms)
				SetLoadedEditorAssemblies (1ms)
				RefreshPlugins (1ms)
				BeforeProcessingInitializeOnLoad (77ms)
				ProcessInitializeOnLoadAttributes (220ms)
				ProcessInitializeOnLoadMethodAttributes (23ms)
				AfterProcessingInitializeOnLoad (7ms)
				EditorAssembliesLoaded (0ms)
			ExecutionOrderSort2 (0ms)
			AwakeInstancesAfterBackupRestoration (6ms)
Platform modules already initialized, skipping
========================================================================
Worker process is ready to serve import requests
Launched and connected shader compiler UnityShaderCompiler.exe after 0.03 seconds
Refreshing native plugins compatible for Editor in 0.37 ms, found 3 plugins.
Preloading 0 native plugins for Editor in 0.00 ms.
Unloading 3079 Unused Serialized files (Serialized files now loaded: 0)
Unloading 21 unused Assets / (58.2 KB). Loaded Objects now: 3541.
Memory consumption went from 107.2 MB to 107.2 MB.
Total: 1.796600 ms (FindLiveObjects: 0.143800 ms CreateObjectMapping: 0.059200 ms MarkObjects: 1.546500 ms  DeleteObjects: 0.046400 ms)

AssetImportParameters requested are different than current active one (requested -> active):
  custom:video-decoder-ogg-theora: a1e56fd34408186e4bbccfd4996cb3dc -> 
  custom:container-muxer-webm: aa71ff27fc2769a1b78a27578f13a17b -> 
  custom:container-demuxer-webm: 4f35f7cbe854078d1ac9338744f61a02 -> 
  custom:video-encoder-webm-vp8: eb34c28f22e8b96e1ab97ce403110664 -> 
  custom:audio-encoder-webm-vorbis: bf7c407c2cedff20999df2af8eb42d56 -> 
  custom:framework-win-MediaFoundation: 216162199b28c13a410421893ffa2e32 -> 
  custom:container-demuxer-ogg: 62fdf1f143b41e24485cea50d1cbac27 -> 
  custom:video-decoder-webm-vp8: 9c59270c3fd7afecdb556c50c9e8de78 -> 
  custom:audio-decoder-ogg-vorbis: bf7c407c2cedff20999df2af8eb42d56 -> 
========================================================================
Received Import Request.
  Time since last request: 13020.893993 seconds.
  path: Assets/OutSide Assets/ground_shaker_asset/Blue
  artifactKey: Guid(b8e6236d9924069498e02fe714a85d16) Importer(815301076,1909f56bfc062723c751e8b465ee728b)
Start importing Assets/OutSide Assets/ground_shaker_asset/Blue using Guid(b8e6236d9924069498e02fe714a85d16) Importer(815301076,1909f56bfc062723c751e8b465ee728b)  -> (artifact id: 'bc058dd4ebca680cc21bab380028cf59') in 0.009603 seconds 
========================================================================
Received Import Request.
  Time since last request: 1.110307 seconds.
  path: Assets/OutSide Assets/ground_shaker_asset/Blue/Bodies
  artifactKey: Guid(18ae9aefb52fe004a954ba0644a968f2) Importer(815301076,1909f56bfc062723c751e8b465ee728b)
Start importing Assets/OutSide Assets/ground_shaker_asset/Blue/Bodies using Guid(18ae9aefb52fe004a954ba0644a968f2) Importer(815301076,1909f56bfc062723c751e8b465ee728b)  -> (artifact id: '39321a1049f1df61e94cf3a238bf95c4') in 0.004061 seconds 
========================================================================
Received Import Request.
  Time since last request: 0.085683 seconds.
  path: Assets/OutSide Assets/ground_shaker_asset/Blue/Bodies/body_halftrack.gif
  artifactKey: Guid(8e0fb3bd79ba654489b225262aa52c7d) Importer(815301076,1909f56bfc062723c751e8b465ee728b)
Start importing Assets/OutSide Assets/ground_shaker_asset/Blue/Bodies/body_halftrack.gif using Guid(8e0fb3bd79ba654489b225262aa52c7d) Importer(815301076,1909f56bfc062723c751e8b465ee728b)  -> (artifact id: 'a0e8e6517fcc84469c38c753aa7cb747') in 0.072772 seconds 
========================================================================
Received Import Request.
  Time since last request: 67.812740 seconds.
  path: Assets/OutSide Assets/ground_shaker_asset/Blue/Towers
  artifactKey: Guid(f4dee4f57a673a74c96756c082713e92) Importer(815301076,1909f56bfc062723c751e8b465ee728b)
Start importing Assets/OutSide Assets/ground_shaker_asset/Blue/Towers using Guid(f4dee4f57a673a74c96756c082713e92) Importer(815301076,1909f56bfc062723c751e8b465ee728b)  -> (artifact id: '98c03926d2880d04b26ced3a5a73cf8d') in 0.005226 seconds 
========================================================================
Received Import Request.
  Time since last request: 0.063535 seconds.
  path: Assets/OutSide Assets/ground_shaker_asset/Blue/Towers/towers_walls_blank.png
  artifactKey: Guid(88404eb7652392e4592bdb29e7e31801) Importer(815301076,1909f56bfc062723c751e8b465ee728b)
Start importing Assets/OutSide Assets/ground_shaker_asset/Blue/Towers/towers_walls_blank.png using Guid(88404eb7652392e4592bdb29e7e31801) Importer(815301076,1909f56bfc062723c751e8b465ee728b)  -> (artifact id: 'b9fc38de7c0f16bf7612493523c01f92') in 0.018698 seconds 
========================================================================
Received Import Request.
  Time since last request: 0.000022 seconds.
  path: Assets/OutSide Assets/ground_shaker_asset/Blue/Towers/towers_walls_snow_1.png
  artifactKey: Guid(ef1004a65c520cf41894a7289410374b) Importer(815301076,1909f56bfc062723c751e8b465ee728b)
Start importing Assets/OutSide Assets/ground_shaker_asset/Blue/Towers/towers_walls_snow_1.png using Guid(ef1004a65c520cf41894a7289410374b) Importer(815301076,1909f56bfc062723c751e8b465ee728b)  -> (artifact id: 'b09771f56c6c38bf4ad3f1ef36b2190f') in 0.009007 seconds 
========================================================================
Received Import Request.
  Time since last request: 0.000029 seconds.
  path: Assets/OutSide Assets/ground_shaker_asset/Blue/Towers/towers_walls_grass_dark_2.png
  artifactKey: Guid(2874b3b89abf16c429e1c0b43ea421ae) Importer(815301076,1909f56bfc062723c751e8b465ee728b)
Start importing Assets/OutSide Assets/ground_shaker_asset/Blue/Towers/towers_walls_grass_dark_2.png using Guid(2874b3b89abf16c429e1c0b43ea421ae) Importer(815301076,1909f56bfc062723c751e8b465ee728b)  -> (artifact id: '5e2c0c3b7a3901e1a64a4d69f28e1df5') in 0.009007 seconds 
========================================================================
Received Import Request.
  Time since last request: 37.169185 seconds.
  path: Assets/OutSide Assets/ground_shaker_asset/Terrains
  artifactKey: Guid(06f0167a622382b47bd84c9accd4b319) Importer(815301076,1909f56bfc062723c751e8b465ee728b)
Start importing Assets/OutSide Assets/ground_shaker_asset/Terrains using Guid(06f0167a622382b47bd84c9accd4b319) Importer(815301076,1909f56bfc062723c751e8b465ee728b)  -> (artifact id: 'c04a2edd11cc1686445050709ad0752a') in 0.005655 seconds 
========================================================================
Received Import Request.
  Time since last request: 0.056761 seconds.
  path: Assets/OutSide Assets/ground_shaker_asset/Terrains/terrain.png
  artifactKey: Guid(4e2a60cd8a710a24786337ecea5075b0) Importer(815301076,1909f56bfc062723c751e8b465ee728b)
Start importing Assets/OutSide Assets/ground_shaker_asset/Terrains/terrain.png using Guid(4e2a60cd8a710a24786337ecea5075b0) Importer(815301076,1909f56bfc062723c751e8b465ee728b)  -> (artifact id: '38f0413d94b6e75d5207f25a6e6525b5') in 0.009304 seconds 
========================================================================
Received Import Request.
  Time since last request: 12.557545 seconds.
  path: Assets/OutSide Assets/ground_shaker_asset/Terrains/terrain.png
  artifactKey: Guid(4e2a60cd8a710a24786337ecea5075b0) Importer(815301076,1909f56bfc062723c751e8b465ee728b)
Start importing Assets/OutSide Assets/ground_shaker_asset/Terrains/terrain.png using Guid(4e2a60cd8a710a24786337ecea5075b0) Importer(815301076,1909f56bfc062723c751e8b465ee728b)  -> (artifact id: 'cadc0a84d7e82b77b7b54717f4195d65') in 0.012578 seconds 
========================================================================
Received Prepare
Registering precompiled user dll's ...
Registered in 0.002887 seconds.
Begin MonoManager ReloadAssembly
Native extension for WindowsStandalone target not found
Refreshing native plugins compatible for Editor in 0.45 ms, found 3 plugins.
Preloading 0 native plugins for Editor in 0.00 ms.
Mono: successfully reloaded assembly
- Completed reload, in  0.827 seconds
Domain Reload Profiling:
	ReloadAssembly (827ms)
		BeginReloadAssembly (98ms)
			ExecutionOrderSort (0ms)
			DisableScriptedObjects (5ms)
			BackupInstance (0ms)
			ReleaseScriptingObjects (0ms)
			CreateAndSetChildDomain (27ms)
		EndReloadAssembly (639ms)
			LoadAssemblies (55ms)
			RebuildTransferFunctionScriptingTraits (0ms)
			SetupTypeCache (208ms)
			ReleaseScriptCaches (1ms)
			RebuildScriptCaches (39ms)
			SetupLoadedEditorAssemblies (276ms)
				LogAssemblyErrors (0ms)
				InitializePlatformSupportModulesInManaged (13ms)
				SetLoadedEditorAssemblies (0ms)
				RefreshPlugins (1ms)
				BeforeProcessingInitializeOnLoad (56ms)
				ProcessInitializeOnLoadAttributes (178ms)
				ProcessInitializeOnLoadMethodAttributes (21ms)
				AfterProcessingInitializeOnLoad (7ms)
				EditorAssembliesLoaded (0ms)
			ExecutionOrderSort2 (0ms)
			AwakeInstancesAfterBackupRestoration (13ms)
Platform modules already initialized, skipping
Refreshing native plugins compatible for Editor in 0.33 ms, found 3 plugins.
Preloading 0 native plugins for Editor in 0.00 ms.
Unloading 3114 Unused Serialized files (Serialized files now loaded: 0)
Unloading 16 unused Assets / (24.6 KB). Loaded Objects now: 3674.
Memory consumption went from 112.4 MB to 112.4 MB.
Total: 2.632600 ms (FindLiveObjects: 0.389700 ms CreateObjectMapping: 0.101500 ms MarkObjects: 2.122400 ms  DeleteObjects: 0.018000 ms)

AssetImportParameters requested are different than current active one (requested -> active):
  custom:video-decoder-ogg-theora: a1e56fd34408186e4bbccfd4996cb3dc -> 
  custom:container-muxer-webm: aa71ff27fc2769a1b78a27578f13a17b -> 
  custom:container-demuxer-webm: 4f35f7cbe854078d1ac9338744f61a02 -> 
  custom:video-encoder-webm-vp8: eb34c28f22e8b96e1ab97ce403110664 -> 
  custom:audio-encoder-webm-vorbis: bf7c407c2cedff20999df2af8eb42d56 -> 
  custom:framework-win-MediaFoundation: 216162199b28c13a410421893ffa2e32 -> 
  custom:container-demuxer-ogg: 62fdf1f143b41e24485cea50d1cbac27 -> 
  custom:video-decoder-webm-vp8: 9c59270c3fd7afecdb556c50c9e8de78 -> 
  custom:audio-decoder-ogg-vorbis: bf7c407c2cedff20999df2af8eb42d56 -> 
========================================================================
Received Import Request.
  Time since last request: 83.293671 seconds.
  path: Assets/OutSide Assets/ground_shaker_asset/Terrains/terrain.png
  artifactKey: Guid(4e2a60cd8a710a24786337ecea5075b0) Importer(815301076,1909f56bfc062723c751e8b465ee728b)
Start importing Assets/OutSide Assets/ground_shaker_asset/Terrains/terrain.png using Guid(4e2a60cd8a710a24786337ecea5075b0) Importer(815301076,1909f56bfc062723c751e8b465ee728b)  -> (artifact id: '3f8635461a62863893ac1e8bbaaa3019') in 0.198518 seconds 
========================================================================
Received Prepare
Registering precompiled user dll's ...
Registered in 0.002404 seconds.
Begin MonoManager ReloadAssembly
Native extension for WindowsStandalone target not found
Refreshing native plugins compatible for Editor in 0.55 ms, found 3 plugins.
Preloading 0 native plugins for Editor in 0.00 ms.
Mono: successfully reloaded assembly
- Completed reload, in  0.861 seconds
Domain Reload Profiling:
	ReloadAssembly (862ms)
		BeginReloadAssembly (107ms)
			ExecutionOrderSort (0ms)
			DisableScriptedObjects (6ms)
			BackupInstance (0ms)
			ReleaseScriptingObjects (0ms)
			CreateAndSetChildDomain (26ms)
		EndReloadAssembly (662ms)
			LoadAssemblies (62ms)
			RebuildTransferFunctionScriptingTraits (0ms)
			SetupTypeCache (210ms)
			ReleaseScriptCaches (1ms)
			RebuildScriptCaches (41ms)
			SetupLoadedEditorAssemblies (295ms)
				LogAssemblyErrors (0ms)
				InitializePlatformSupportModulesInManaged (13ms)
				SetLoadedEditorAssemblies (0ms)
				RefreshPlugins (1ms)
				BeforeProcessingInitializeOnLoad (59ms)
				ProcessInitializeOnLoadAttributes (184ms)
				ProcessInitializeOnLoadMethodAttributes (32ms)
				AfterProcessingInitializeOnLoad (7ms)
				EditorAssembliesLoaded (0ms)
			ExecutionOrderSort2 (0ms)
			AwakeInstancesAfterBackupRestoration (11ms)
Platform modules already initialized, skipping
Refreshing native plugins compatible for Editor in 0.40 ms, found 3 plugins.
Preloading 0 native plugins for Editor in 0.00 ms.
Unloading 3157 Unused Serialized files (Serialized files now loaded: 0)
Unloading 16 unused Assets / (24.6 KB). Loaded Objects now: 3746.
Memory consumption went from 118.4 MB to 118.4 MB.
Total: 2.678500 ms (FindLiveObjects: 0.376500 ms CreateObjectMapping: 0.111500 ms MarkObjects: 2.173700 ms  DeleteObjects: 0.015700 ms)

AssetImportParameters requested are different than current active one (requested -> active):
  custom:video-decoder-ogg-theora: a1e56fd34408186e4bbccfd4996cb3dc -> 
  custom:container-muxer-webm: aa71ff27fc2769a1b78a27578f13a17b -> 
  custom:container-demuxer-webm: 4f35f7cbe854078d1ac9338744f61a02 -> 
  custom:video-encoder-webm-vp8: eb34c28f22e8b96e1ab97ce403110664 -> 
  custom:audio-encoder-webm-vorbis: bf7c407c2cedff20999df2af8eb42d56 -> 
  custom:framework-win-MediaFoundation: 216162199b28c13a410421893ffa2e32 -> 
  custom:container-demuxer-ogg: 62fdf1f143b41e24485cea50d1cbac27 -> 
  custom:video-decoder-webm-vp8: 9c59270c3fd7afecdb556c50c9e8de78 -> 
  custom:audio-decoder-ogg-vorbis: bf7c407c2cedff20999df2af8eb42d56 -> 
========================================================================
Received Import Request.
  Time since last request: 139.943027 seconds.
  path: Assets/OutSide Assets/ground_shaker_asset/Terrains/GroundPalette.prefab
  artifactKey: Guid(02fdb24c642febc4d9361437ce96313a) Importer(815301076,1909f56bfc062723c751e8b465ee728b)
Start importing Assets/OutSide Assets/ground_shaker_asset/Terrains/GroundPalette.prefab using Guid(02fdb24c642febc4d9361437ce96313a) Importer(815301076,1909f56bfc062723c751e8b465ee728b)  -> (artifact id: '333e3134996b1176f617e367e27509bc') in 0.084753 seconds 
========================================================================
Received Import Request.
  Time since last request: 11.236278 seconds.
  path: Assets/OutSide Assets/ground_shaker_asset/Terrains/GroundPalette.prefab
  artifactKey: Guid(02fdb24c642febc4d9361437ce96313a) Importer(815301076,1909f56bfc062723c751e8b465ee728b)
Start importing Assets/OutSide Assets/ground_shaker_asset/Terrains/GroundPalette.prefab using Guid(02fdb24c642febc4d9361437ce96313a) Importer(815301076,1909f56bfc062723c751e8b465ee728b)  -> (artifact id: '9eed3ce219e533845cb2abedf3901293') in 0.044873 seconds 
========================================================================
Received Import Request.
  Time since last request: 0.000024 seconds.
  path: Assets/OutSide Assets/ground_shaker_asset/Terrains/terrain_29.asset
  artifactKey: Guid(bac182798a38d6d419fed1fe1485b965) Importer(815301076,1909f56bfc062723c751e8b465ee728b)
Start importing Assets/OutSide Assets/ground_shaker_asset/Terrains/terrain_29.asset using Guid(bac182798a38d6d419fed1fe1485b965) Importer(815301076,1909f56bfc062723c751e8b465ee728b)  -> (artifact id: 'deff5e1234fc13c7204acb37d1b0858b') in 0.028655 seconds 
========================================================================
Received Import Request.
  Time since last request: 0.000025 seconds.
  path: Assets/OutSide Assets/ground_shaker_asset/Terrains/terrain_32.asset
  artifactKey: Guid(ac6f6f41585b1604aa699db28c547345) Importer(815301076,1909f56bfc062723c751e8b465ee728b)
Start importing Assets/OutSide Assets/ground_shaker_asset/Terrains/terrain_32.asset using Guid(ac6f6f41585b1604aa699db28c547345) Importer(815301076,1909f56bfc062723c751e8b465ee728b)  -> (artifact id: 'd73e3d0a053185403a704d2464c15a71') in 0.009950 seconds 
========================================================================
Received Import Request.
  Time since last request: 0.000026 seconds.
  path: Assets/OutSide Assets/ground_shaker_asset/Terrains/terrain_17.asset
  artifactKey: Guid(24571120d708a2948857e98bb7a201b5) Importer(815301076,1909f56bfc062723c751e8b465ee728b)
Start importing Assets/OutSide Assets/ground_shaker_asset/Terrains/terrain_17.asset using Guid(24571120d708a2948857e98bb7a201b5) Importer(815301076,1909f56bfc062723c751e8b465ee728b)  -> (artifact id: '474a6e9417fae7307291d865e15b7652') in 0.009566 seconds 
========================================================================
Received Import Request.
  Time since last request: 0.000023 seconds.
  path: Assets/OutSide Assets/ground_shaker_asset/Terrains/terrain_31.asset
  artifactKey: Guid(783eb38119613624f8fc82fd8ab82a7d) Importer(815301076,1909f56bfc062723c751e8b465ee728b)
Start importing Assets/OutSide Assets/ground_shaker_asset/Terrains/terrain_31.asset using Guid(783eb38119613624f8fc82fd8ab82a7d) Importer(815301076,1909f56bfc062723c751e8b465ee728b)  -> (artifact id: '658848b675e6fe96bbb74afbd2b0e803') in 0.012009 seconds 
========================================================================
Received Import Request.
  Time since last request: 0.000024 seconds.
  path: Assets/OutSide Assets/ground_shaker_asset/Terrains/terrain_22.asset
  artifactKey: Guid(d9f7ab2ece315f54a8687d2c4904dc33) Importer(815301076,1909f56bfc062723c751e8b465ee728b)
Start importing Assets/OutSide Assets/ground_shaker_asset/Terrains/terrain_22.asset using Guid(d9f7ab2ece315f54a8687d2c4904dc33) Importer(815301076,1909f56bfc062723c751e8b465ee728b)  -> (artifact id: 'b7963219bcaa311834bb19d933d7a43c') in 0.019524 seconds 
========================================================================
Received Import Request.
  Time since last request: 0.000026 seconds.
  path: Assets/OutSide Assets/ground_shaker_asset/Terrains/terrain_7.asset
  artifactKey: Guid(7ec4e2bf3a529864eaf5b48c24f838de) Importer(815301076,1909f56bfc062723c751e8b465ee728b)
Start importing Assets/OutSide Assets/ground_shaker_asset/Terrains/terrain_7.asset using Guid(7ec4e2bf3a529864eaf5b48c24f838de) Importer(815301076,1909f56bfc062723c751e8b465ee728b)  -> (artifact id: '710ff0ed47c67546da2ff527a9d78921') in 0.010899 seconds 
========================================================================
Received Import Request.
  Time since last request: 0.000017 seconds.
  path: Assets/OutSide Assets/ground_shaker_asset/Terrains/terrain_28.asset
  artifactKey: Guid(b51af28375d7dad44b3e2830d0e71b9f) Importer(815301076,1909f56bfc062723c751e8b465ee728b)
Start importing Assets/OutSide Assets/ground_shaker_asset/Terrains/terrain_28.asset using Guid(b51af28375d7dad44b3e2830d0e71b9f) Importer(815301076,1909f56bfc062723c751e8b465ee728b)  -> (artifact id: '62a6d2a0d283c14824bee40d2f3fbde4') in 0.010905 seconds 
========================================================================
Received Import Request.
  Time since last request: 0.000026 seconds.
  path: Assets/OutSide Assets/ground_shaker_asset/Terrains/terrain_10.asset
  artifactKey: Guid(075dd1ff7a9a3254fba1143a837120fb) Importer(815301076,1909f56bfc062723c751e8b465ee728b)
Start importing Assets/OutSide Assets/ground_shaker_asset/Terrains/terrain_10.asset using Guid(075dd1ff7a9a3254fba1143a837120fb) Importer(815301076,1909f56bfc062723c751e8b465ee728b)  -> (artifact id: '51e065f3cd5a1d1a545e43fc5487f644') in 0.013514 seconds 
========================================================================
Received Import Request.
  Time since last request: 0.000025 seconds.
  path: Assets/OutSide Assets/ground_shaker_asset/Terrains/terrain_16.asset
  artifactKey: Guid(63ce8a63fc51725449e35e8186d6377d) Importer(815301076,1909f56bfc062723c751e8b465ee728b)
Start importing Assets/OutSide Assets/ground_shaker_asset/Terrains/terrain_16.asset using Guid(63ce8a63fc51725449e35e8186d6377d) Importer(815301076,1909f56bfc062723c751e8b465ee728b)  -> (artifact id: 'c4a4a3fec3d680e2317d289050c8001c') in 0.024572 seconds 
========================================================================
Received Import Request.
  Time since last request: 0.000023 seconds.
  path: Assets/OutSide Assets/ground_shaker_asset/Terrains/terrain_15.asset
  artifactKey: Guid(e07d180d965601e4ba4ca83963c5514f) Importer(815301076,1909f56bfc062723c751e8b465ee728b)
Start importing Assets/OutSide Assets/ground_shaker_asset/Terrains/terrain_15.asset using Guid(e07d180d965601e4ba4ca83963c5514f) Importer(815301076,1909f56bfc062723c751e8b465ee728b)  -> (artifact id: '82fa1ac086a7ffc691501e93982e2077') in 0.014586 seconds 
========================================================================
Received Import Request.
  Time since last request: 0.000026 seconds.
  path: Assets/OutSide Assets/ground_shaker_asset/Terrains/terrain_30.asset
  artifactKey: Guid(5320c3191e9c5b24c8a85c9af9e56488) Importer(815301076,1909f56bfc062723c751e8b465ee728b)
Start importing Assets/OutSide Assets/ground_shaker_asset/Terrains/terrain_30.asset using Guid(5320c3191e9c5b24c8a85c9af9e56488) Importer(815301076,1909f56bfc062723c751e8b465ee728b)  -> (artifact id: 'e682cb059cff7a4186d7ac2f67b43853') in 0.011799 seconds 
========================================================================
Received Import Request.
  Time since last request: 0.000021 seconds.
  path: Assets/OutSide Assets/ground_shaker_asset/Terrains/terrain_33.asset
  artifactKey: Guid(32908a123520cc74882019083a325fef) Importer(815301076,1909f56bfc062723c751e8b465ee728b)
Start importing Assets/OutSide Assets/ground_shaker_asset/Terrains/terrain_33.asset using Guid(32908a123520cc74882019083a325fef) Importer(815301076,1909f56bfc062723c751e8b465ee728b)  -> (artifact id: '9515459c2b4b3b1b62f2bc4b875a0876') in 0.017223 seconds 
========================================================================
Received Import Request.
  Time since last request: 0.000033 seconds.
  path: Assets/OutSide Assets/ground_shaker_asset/Terrains/terrain_13.asset
  artifactKey: Guid(6229c37ad20a5d6418729cf416dadf79) Importer(815301076,1909f56bfc062723c751e8b465ee728b)
Start importing Assets/OutSide Assets/ground_shaker_asset/Terrains/terrain_13.asset using Guid(6229c37ad20a5d6418729cf416dadf79) Importer(815301076,1909f56bfc062723c751e8b465ee728b)  -> (artifact id: '2bc43ca2ad19b2ccf7f244cbaf274d91') in 0.013290 seconds 
========================================================================
Received Import Request.
  Time since last request: 0.000022 seconds.
  path: Assets/OutSide Assets/ground_shaker_asset/Terrains/terrain_9.asset
  artifactKey: Guid(5d31a0dc0dc980d4192c093a25587bc6) Importer(815301076,1909f56bfc062723c751e8b465ee728b)
Start importing Assets/OutSide Assets/ground_shaker_asset/Terrains/terrain_9.asset using Guid(5d31a0dc0dc980d4192c093a25587bc6) Importer(815301076,1909f56bfc062723c751e8b465ee728b)  -> (artifact id: '0e966190b5d507fe40b969a2003fb17a') in 0.009174 seconds 
========================================================================
Received Import Request.
  Time since last request: 0.000028 seconds.
  path: Assets/OutSide Assets/ground_shaker_asset/Terrains/terrain_4.asset
  artifactKey: Guid(128c5b147490c9747a971aca71681a7e) Importer(815301076,1909f56bfc062723c751e8b465ee728b)
Start importing Assets/OutSide Assets/ground_shaker_asset/Terrains/terrain_4.asset using Guid(128c5b147490c9747a971aca71681a7e) Importer(815301076,1909f56bfc062723c751e8b465ee728b)  -> (artifact id: 'd99b70733e7c9c15cb33cb98b66e30b2') in 0.009910 seconds 
========================================================================
Received Import Request.
  Time since last request: 0.000020 seconds.
  path: Assets/OutSide Assets/ground_shaker_asset/Terrains/terrain_24.asset
  artifactKey: Guid(7d225eaceffe979448cb885943a6cb3c) Importer(815301076,1909f56bfc062723c751e8b465ee728b)
Start importing Assets/OutSide Assets/ground_shaker_asset/Terrains/terrain_24.asset using Guid(7d225eaceffe979448cb885943a6cb3c) Importer(815301076,1909f56bfc062723c751e8b465ee728b)  -> (artifact id: '3b1fcce949ba3d82014c8fdf9e33e759') in 0.008932 seconds 
========================================================================
Received Import Request.
  Time since last request: 0.000022 seconds.
  path: Assets/OutSide Assets/ground_shaker_asset/Terrains/terrain_26.asset
  artifactKey: Guid(21520c49cba3dbf4cb53578fe17933e4) Importer(815301076,1909f56bfc062723c751e8b465ee728b)
Start importing Assets/OutSide Assets/ground_shaker_asset/Terrains/terrain_26.asset using Guid(21520c49cba3dbf4cb53578fe17933e4) Importer(815301076,1909f56bfc062723c751e8b465ee728b)  -> (artifact id: '112bb70215cde948f9608b080b1c86ef') in 0.014635 seconds 
========================================================================
Received Import Request.
  Time since last request: 0.000020 seconds.
  path: Assets/OutSide Assets/ground_shaker_asset/Terrains/terrain_18.asset
  artifactKey: Guid(dd94f56d1507cb64eb10e9493e80a640) Importer(815301076,1909f56bfc062723c751e8b465ee728b)
Start importing Assets/OutSide Assets/ground_shaker_asset/Terrains/terrain_18.asset using Guid(dd94f56d1507cb64eb10e9493e80a640) Importer(815301076,1909f56bfc062723c751e8b465ee728b)  -> (artifact id: '776b91d080beed363039ef390bbc3d03') in 0.014125 seconds 
========================================================================
Received Import Request.
  Time since last request: 0.000027 seconds.
  path: Assets/OutSide Assets/ground_shaker_asset/Terrains/terrain_8.asset
  artifactKey: Guid(6342c0bd9e227734fb094d8f0e97762f) Importer(815301076,1909f56bfc062723c751e8b465ee728b)
Start importing Assets/OutSide Assets/ground_shaker_asset/Terrains/terrain_8.asset using Guid(6342c0bd9e227734fb094d8f0e97762f) Importer(815301076,1909f56bfc062723c751e8b465ee728b)  -> (artifact id: 'f1a038523577454201cd1dbb75c3a270') in 0.010359 seconds 
========================================================================
Received Import Request.
  Time since last request: 0.000020 seconds.
  path: Assets/OutSide Assets/ground_shaker_asset/Terrains/terrain_11.asset
  artifactKey: Guid(5f538031aaab4084faf8d5ab2b368ecb) Importer(815301076,1909f56bfc062723c751e8b465ee728b)
Start importing Assets/OutSide Assets/ground_shaker_asset/Terrains/terrain_11.asset using Guid(5f538031aaab4084faf8d5ab2b368ecb) Importer(815301076,1909f56bfc062723c751e8b465ee728b)  -> (artifact id: '1615587f0c98011baebd8a8a049760ce') in 0.010372 seconds 
========================================================================
Received Import Request.
  Time since last request: 6.351434 seconds.
  path: Assets/OutSide Assets/ground_shaker_asset/Terrains/terrain_0.asset
  artifactKey: Guid(cbc23cf2e9d6b724e8743219f9695c94) Importer(815301076,1909f56bfc062723c751e8b465ee728b)
Start importing Assets/OutSide Assets/ground_shaker_asset/Terrains/terrain_0.asset using Guid(cbc23cf2e9d6b724e8743219f9695c94) Importer(815301076,1909f56bfc062723c751e8b465ee728b)  -> (artifact id: '7919b9a44bef82fab9f6ec41a0b31ed2') in 0.031665 seconds 
========================================================================
Received Import Request.
  Time since last request: 0.000023 seconds.
  path: Assets/OutSide Assets/ground_shaker_asset/Terrains/terrain_32.asset
  artifactKey: Guid(ac6f6f41585b1604aa699db28c547345) Importer(815301076,1909f56bfc062723c751e8b465ee728b)
Start importing Assets/OutSide Assets/ground_shaker_asset/Terrains/terrain_32.asset using Guid(ac6f6f41585b1604aa699db28c547345) Importer(815301076,1909f56bfc062723c751e8b465ee728b)  -> (artifact id: 'b053f60a75a7e0db990acf80fc1e5a30') in 0.004111 seconds 
========================================================================
Received Import Request.
  Time since last request: 0.000022 seconds.
  path: Assets/OutSide Assets/ground_shaker_asset/Terrains/terrain_31.asset
  artifactKey: Guid(783eb38119613624f8fc82fd8ab82a7d) Importer(815301076,1909f56bfc062723c751e8b465ee728b)
Start importing Assets/OutSide Assets/ground_shaker_asset/Terrains/terrain_31.asset using Guid(783eb38119613624f8fc82fd8ab82a7d) Importer(815301076,1909f56bfc062723c751e8b465ee728b)  -> (artifact id: 'c01a00a4e8eb292ad3840890ed8b0207') in 0.005807 seconds 
========================================================================
Received Import Request.
  Time since last request: 0.000023 seconds.
  path: Assets/OutSide Assets/ground_shaker_asset/Terrains/terrain_7.asset
  artifactKey: Guid(7ec4e2bf3a529864eaf5b48c24f838de) Importer(815301076,1909f56bfc062723c751e8b465ee728b)
Start importing Assets/OutSide Assets/ground_shaker_asset/Terrains/terrain_7.asset using Guid(7ec4e2bf3a529864eaf5b48c24f838de) Importer(815301076,1909f56bfc062723c751e8b465ee728b)  -> (artifact id: 'c063ec97b9fdb95d6da1c3d5a38b6dba') in 0.006821 seconds 
========================================================================
Received Import Request.
  Time since last request: 0.000021 seconds.
  path: Assets/OutSide Assets/ground_shaker_asset/Terrains/terrain_10.asset
  artifactKey: Guid(075dd1ff7a9a3254fba1143a837120fb) Importer(815301076,1909f56bfc062723c751e8b465ee728b)
Start importing Assets/OutSide Assets/ground_shaker_asset/Terrains/terrain_10.asset using Guid(075dd1ff7a9a3254fba1143a837120fb) Importer(815301076,1909f56bfc062723c751e8b465ee728b)  -> (artifact id: '278117f58794c6177d8c0b3793184b6b') in 0.008492 seconds 
========================================================================
Received Import Request.
  Time since last request: 0.000024 seconds.
  path: Assets/OutSide Assets/ground_shaker_asset/Terrains/terrain_21.asset
  artifactKey: Guid(727c0385ca0aad543bffa330eeb23c9d) Importer(815301076,1909f56bfc062723c751e8b465ee728b)
Start importing Assets/OutSide Assets/ground_shaker_asset/Terrains/terrain_21.asset using Guid(727c0385ca0aad543bffa330eeb23c9d) Importer(815301076,1909f56bfc062723c751e8b465ee728b)  -> (artifact id: 'd5348564461b1e50d94277fafebceb34') in 0.008551 seconds 
========================================================================
Received Import Request.
  Time since last request: 0.000022 seconds.
  path: Assets/OutSide Assets/ground_shaker_asset/Terrains/terrain_26.asset
  artifactKey: Guid(21520c49cba3dbf4cb53578fe17933e4) Importer(815301076,1909f56bfc062723c751e8b465ee728b)
Start importing Assets/OutSide Assets/ground_shaker_asset/Terrains/terrain_26.asset using Guid(21520c49cba3dbf4cb53578fe17933e4) Importer(815301076,1909f56bfc062723c751e8b465ee728b)  -> (artifact id: '24cde8e62135c7c9d0e2b857cd8c8b4d') in 0.007459 seconds 
========================================================================
Received Import Request.
  Time since last request: 0.000024 seconds.
  path: Assets/OutSide Assets/ground_shaker_asset/Terrains/terrain_23.asset
  artifactKey: Guid(03a0bc27c050a814287a80f26c267592) Importer(815301076,1909f56bfc062723c751e8b465ee728b)
Start importing Assets/OutSide Assets/ground_shaker_asset/Terrains/terrain_23.asset using Guid(03a0bc27c050a814287a80f26c267592) Importer(815301076,1909f56bfc062723c751e8b465ee728b)  -> (artifact id: '833a37112a337465599ae270b5a9217e') in 0.004499 seconds 
Editor requested this worker to shutdown with reason: Scaling down because of idle timeout
AssetImportWorker is now disconnected from the server
Process exiting
Exiting without the bug reporter. Application will terminate with return code 0