Using pre-set license
Built from '2021.2/staging' branch; Version is '2021.2.10f1 (ee872746220e) revision 15632167'; Using compiler version '192829333'; Build Type 'Release'
OS: 'Windows 10  (10.0.19044) 64bit Professional' Language: 'en' Physical Memory: 16125 MB
BatchMode: 1, IsHumanControllingUs: 0, StartBugReporterOnCrash: 0, Is64bit: 1, IsPro: 0

COMMAND LINE ARGUMENTS:
C:\Program Files\Unity\Hub\Editor\2021.2.10f1\Editor\Unity.exe
-adb2
-batchMode
-noUpm
-name
AssetImportWorker7
-projectPath
D:/Projects/Unity/codeway-sivrikaya
-logFile
Logs/AssetImportWorker7.log
-srvPort
62267
Successfully changed project path to: D:/Projects/Unity/codeway-sivrikaya
D:/Projects/Unity/codeway-sivrikaya
[UnityMemory] Configuration Parameters - Can be set up in boot.config
    "memorysetup-bucket-allocator-granularity=16"
    "memorysetup-bucket-allocator-bucket-count=8"
    "memorysetup-bucket-allocator-block-size=33554432"
    "memorysetup-bucket-allocator-block-count=8"
    "memorysetup-main-allocator-block-size=16777216"
    "memorysetup-thread-allocator-block-size=16777216"
    "memorysetup-gfx-main-allocator-block-size=16777216"
    "memorysetup-gfx-thread-allocator-block-size=16777216"
    "memorysetup-cache-allocator-block-size=4194304"
    "memorysetup-typetree-allocator-block-size=2097152"
    "memorysetup-profiler-bucket-allocator-granularity=16"
    "memorysetup-profiler-bucket-allocator-bucket-count=8"
    "memorysetup-profiler-bucket-allocator-block-size=33554432"
    "memorysetup-profiler-bucket-allocator-block-count=8"
    "memorysetup-profiler-allocator-block-size=16777216"
    "memorysetup-profiler-editor-allocator-block-size=1048576"
    "memorysetup-temp-allocator-size-main=16777216"
    "memorysetup-job-temp-allocator-block-size=2097152"
    "memorysetup-job-temp-allocator-block-size-background=1048576"
    "memorysetup-job-temp-allocator-reduction-small-platforms=262144"
    "memorysetup-temp-allocator-size-background-worker=32768"
    "memorysetup-temp-allocator-size-job-worker=262144"
    "memorysetup-temp-allocator-size-preload-manager=33554432"
    "memorysetup-temp-allocator-size-nav-mesh-worker=65536"
    "memorysetup-temp-allocator-size-audio-worker=65536"
    "memorysetup-temp-allocator-size-cloud-worker=32768"
    "memorysetup-temp-allocator-size-gi-baking-worker=262144"
    "memorysetup-temp-allocator-size-gfx=262144"
Refreshing native plugins compatible for Editor in 110.05 ms, found 3 plugins.
Preloading 0 native plugins for Editor in 0.00 ms.
Initialize engine version: 2021.2.10f1 (ee872746220e)
[Subsystems] Discovering subsystems at path C:/Program Files/Unity/Hub/Editor/2021.2.10f1/Editor/Data/Resources/UnitySubsystems
[Subsystems] Discovering subsystems at path D:/Projects/Unity/codeway-sivrikaya/Assets
GfxDevice: creating device client; threaded=0; jobified=0
Direct3D:
    Version:  Direct3D 11.0 [level 11.1]
    Renderer: AMD Radeon RX 6800 XT (ID=0x73bf)
    Vendor:   ATI
    VRAM:     16338 MB
    Driver:   31.0.12029.7019
Initialize mono
Mono path[0] = 'C:/Program Files/Unity/Hub/Editor/2021.2.10f1/Editor/Data/Managed'
Mono path[1] = 'C:/Program Files/Unity/Hub/Editor/2021.2.10f1/Editor/Data/MonoBleedingEdge/lib/mono/unityjit-win32'
Mono config path = 'C:/Program Files/Unity/Hub/Editor/2021.2.10f1/Editor/Data/MonoBleedingEdge/etc'
Using monoOptions --debugger-agent=transport=dt_socket,embedding=1,server=y,suspend=n,address=127.0.0.1:56388
Begin MonoManager ReloadAssembly
Registering precompiled unity dll's ...
Register platform support module: C:/Program Files/Unity/Hub/Editor/2021.2.10f1/Editor/Data/PlaybackEngines/WindowsStandaloneSupport/UnityEditor.WindowsStandalone.Extensions.dll
Registered in 0.006653 seconds.
Native extension for WindowsStandalone target not found
Refreshing native plugins compatible for Editor in 81.47 ms, found 3 plugins.
Preloading 0 native plugins for Editor in 0.00 ms.
Mono: successfully reloaded assembly
- Completed reload, in  0.601 seconds
Domain Reload Profiling:
	ReloadAssembly (602ms)
		BeginReloadAssembly (72ms)
			ExecutionOrderSort (0ms)
			DisableScriptedObjects (0ms)
			BackupInstance (0ms)
			ReleaseScriptingObjects (0ms)
			CreateAndSetChildDomain (1ms)
		EndReloadAssembly (451ms)
			LoadAssemblies (69ms)
			RebuildTransferFunctionScriptingTraits (0ms)
			SetupTypeCache (99ms)
			ReleaseScriptCaches (0ms)
			RebuildScriptCaches (26ms)
			SetupLoadedEditorAssemblies (274ms)
				LogAssemblyErrors (0ms)
				InitializePlatformSupportModulesInManaged (16ms)
				SetLoadedEditorAssemblies (0ms)
				RefreshPlugins (82ms)
				BeforeProcessingInitializeOnLoad (1ms)
				ProcessInitializeOnLoadAttributes (128ms)
				ProcessInitializeOnLoadMethodAttributes (46ms)
				AfterProcessingInitializeOnLoad (0ms)
				EditorAssembliesLoaded (0ms)
			ExecutionOrderSort2 (0ms)
			AwakeInstancesAfterBackupRestoration (0ms)
Platform modules already initialized, skipping
Registering precompiled user dll's ...
Registered in 0.002893 seconds.
Begin MonoManager ReloadAssembly
Native extension for WindowsStandalone target not found
Refreshing native plugins compatible for Editor in 0.51 ms, found 3 plugins.
Preloading 0 native plugins for Editor in 0.00 ms.
Mono: successfully reloaded assembly
- Completed reload, in  0.905 seconds
Domain Reload Profiling:
	ReloadAssembly (906ms)
		BeginReloadAssembly (86ms)
			ExecutionOrderSort (0ms)
			DisableScriptedObjects (6ms)
			BackupInstance (0ms)
			ReleaseScriptingObjects (0ms)
			CreateAndSetChildDomain (17ms)
		EndReloadAssembly (724ms)
			LoadAssemblies (49ms)
			RebuildTransferFunctionScriptingTraits (0ms)
			SetupTypeCache (204ms)
			ReleaseScriptCaches (0ms)
			RebuildScriptCaches (51ms)
			SetupLoadedEditorAssemblies (361ms)
				LogAssemblyErrors (0ms)
				InitializePlatformSupportModulesInManaged (13ms)
				SetLoadedEditorAssemblies (0ms)
				RefreshPlugins (1ms)
				BeforeProcessingInitializeOnLoad (79ms)
				ProcessInitializeOnLoadAttributes (228ms)
				ProcessInitializeOnLoadMethodAttributes (33ms)
				AfterProcessingInitializeOnLoad (8ms)
				EditorAssembliesLoaded (0ms)
			ExecutionOrderSort2 (0ms)
			AwakeInstancesAfterBackupRestoration (6ms)
Platform modules already initialized, skipping
========================================================================
Worker process is ready to serve import requests
Launched and connected shader compiler UnityShaderCompiler.exe after 0.10 seconds
Refreshing native plugins compatible for Editor in 0.42 ms, found 3 plugins.
Preloading 0 native plugins for Editor in 0.00 ms.
Unloading 3164 Unused Serialized files (Serialized files now loaded: 0)
Unloading 25 unused Assets / (57.8 KB). Loaded Objects now: 3630.
Memory consumption went from 110.2 MB to 110.1 MB.
Total: 1.874900 ms (FindLiveObjects: 0.148100 ms CreateObjectMapping: 0.063500 ms MarkObjects: 1.616300 ms  DeleteObjects: 0.046200 ms)

AssetImportParameters requested are different than current active one (requested -> active):
  custom:video-decoder-ogg-theora: a1e56fd34408186e4bbccfd4996cb3dc -> 
  custom:container-muxer-webm: aa71ff27fc2769a1b78a27578f13a17b -> 
  custom:container-demuxer-webm: 4f35f7cbe854078d1ac9338744f61a02 -> 
  custom:video-encoder-webm-vp8: eb34c28f22e8b96e1ab97ce403110664 -> 
  custom:audio-encoder-webm-vorbis: bf7c407c2cedff20999df2af8eb42d56 -> 
  custom:framework-win-MediaFoundation: 216162199b28c13a410421893ffa2e32 -> 
  custom:container-demuxer-ogg: 62fdf1f143b41e24485cea50d1cbac27 -> 
  custom:video-decoder-webm-vp8: 9c59270c3fd7afecdb556c50c9e8de78 -> 
  custom:audio-decoder-ogg-vorbis: bf7c407c2cedff20999df2af8eb42d56 -> 
========================================================================
Received Import Request.
  Time since last request: 14662.254231 seconds.
  path: Assets/OutSide Assets/ground_shaker_asset/Red/Weapons/turret_01_mk1.png
  artifactKey: Guid(173a01e0e56aad74b9fcb454163d555d) Importer(815301076,1909f56bfc062723c751e8b465ee728b)
Start importing Assets/OutSide Assets/ground_shaker_asset/Red/Weapons/turret_01_mk1.png using Guid(173a01e0e56aad74b9fcb454163d555d) Importer(815301076,1909f56bfc062723c751e8b465ee728b)  -> (artifact id: '49ea9d0c7f62413cacc6efccbd0ef7f0') in 0.111081 seconds 
========================================================================
Received Import Request.
  Time since last request: 0.003760 seconds.
  path: Assets/OutSide Assets/ground_shaker_asset/Red/Weapons/turret_01_mk2.gif
  artifactKey: Guid(1792f6543f447834aa1cfa022c23d247) Importer(815301076,1909f56bfc062723c751e8b465ee728b)
Start importing Assets/OutSide Assets/ground_shaker_asset/Red/Weapons/turret_01_mk2.gif using Guid(1792f6543f447834aa1cfa022c23d247) Importer(815301076,1909f56bfc062723c751e8b465ee728b)  -> (artifact id: '056396100c668ec83024061a6cc1cc78') in 0.011286 seconds 
========================================================================
Received Import Request.
  Time since last request: 0.000017 seconds.
  path: Assets/OutSide Assets/ground_shaker_asset/Red/Weapons/turret_01_mk4.png
  artifactKey: Guid(265f7433e0fbefa439526eafed91e014) Importer(815301076,1909f56bfc062723c751e8b465ee728b)
Start importing Assets/OutSide Assets/ground_shaker_asset/Red/Weapons/turret_01_mk4.png using Guid(265f7433e0fbefa439526eafed91e014) Importer(815301076,1909f56bfc062723c751e8b465ee728b)  -> (artifact id: '900a5d2bd0bdbe204d8a614498a3dccc') in 0.007857 seconds 
========================================================================
Received Import Request.
  Time since last request: 0.003286 seconds.
  path: Assets/OutSide Assets/ground_shaker_asset/Red/Weapons/turret_02_mk3.png
  artifactKey: Guid(ac3a4ffe2f8c4ab42aa90b862d2bf110) Importer(815301076,1909f56bfc062723c751e8b465ee728b)
Start importing Assets/OutSide Assets/ground_shaker_asset/Red/Weapons/turret_02_mk3.png using Guid(ac3a4ffe2f8c4ab42aa90b862d2bf110) Importer(815301076,1909f56bfc062723c751e8b465ee728b)  -> (artifact id: 'f602ff6df6a0034ff15100e173fcdcc8') in 0.007575 seconds 
========================================================================
Received Import Request.
  Time since last request: 0.000026 seconds.
  path: Assets/OutSide Assets/ground_shaker_asset/Red/Weapons/turret_02_mk4.png
  artifactKey: Guid(874f579e71774e74f9af693f40239d9a) Importer(815301076,1909f56bfc062723c751e8b465ee728b)
Start importing Assets/OutSide Assets/ground_shaker_asset/Red/Weapons/turret_02_mk4.png using Guid(874f579e71774e74f9af693f40239d9a) Importer(815301076,1909f56bfc062723c751e8b465ee728b)  -> (artifact id: 'a9371f9958bb29dd28b6a9619ad22329') in 0.008689 seconds 
========================================================================
Received Import Request.
  Time since last request: 2.212667 seconds.
  path: Assets/OutSide Assets/ground_shaker_asset/Red/Bodies/body_halftrack.png
  artifactKey: Guid(f7bdbc3977a10c44daa91c5fcd8b50da) Importer(815301076,1909f56bfc062723c751e8b465ee728b)
Start importing Assets/OutSide Assets/ground_shaker_asset/Red/Bodies/body_halftrack.png using Guid(f7bdbc3977a10c44daa91c5fcd8b50da) Importer(815301076,1909f56bfc062723c751e8b465ee728b)  -> (artifact id: '850cd45710f3fadec4a64e4631caa4aa') in 0.027434 seconds 
Editor requested this worker to shutdown with reason: Scaling down because of idle timeout
AssetImportWorker is now disconnected from the server
Process exiting
Exiting without the bug reporter. Application will terminate with return code 0